Log file open, 05/09/19 07:38:23
LogWindows: Failed to load 'aqProf.dll' (GetLastError=126)
LogWindows: File 'aqProf.dll' does not exist
LogWindows: Failed to load 'VtuneApi.dll' (GetLastError=126)
LogWindows: File 'VtuneApi.dll' does not exist
LogWindows: Failed to load 'VtuneApi32e.dll' (GetLastError=126)
LogWindows: File 'VtuneApi32e.dll' does not exist
LogConsoleResponse: Display: Failed to find resolution value strings in scalability ini. Falling back to default.
LogInit: Display: Running engine for game: MorphWidget
LogPakFile: Registered encryption key '00000000000000000000000000000000': 0 pak files mounted, 0 remain pending
LogPlatformFile: Not using cached read wrapper
LogTaskGraph: Started task graph with 5 named threads and 23 total threads with 3 sets of task threads.
LogStats: Stats thread started at 0.314717
LogD3D11RHI: Loaded GFSDK_Aftermath_Lib.x64.dll
LogICUInternationalization: ICU TimeZone Detection - Raw Offset: -8:00, Platform Override: ''
LogPluginManager: Mounting plugin Paper2D
LogPluginManager: Mounting plugin AISupport
LogPluginManager: Mounting plugin LightPropagationVolume
LogPluginManager: Mounting plugin ActorLayerUtilities
LogPluginManager: Mounting plugin CLionSourceCodeAccess
LogPluginManager: Mounting plugin CodeLiteSourceCodeAccess
LogPluginManager: Mounting plugin GitSourceControl
LogPluginManager: Mounting plugin KDevelopSourceCodeAccess
LogPluginManager: Mounting plugin NullSourceCodeAccess
LogPluginManager: Mounting plugin PerforceSourceControl
LogPluginManager: Mounting plugin SubversionSourceControl
LogPluginManager: Mounting plugin UObjectPlugin
LogPluginManager: Mounting plugin VisualStudioCodeSourceCodeAccess
LogPluginManager: Mounting plugin VisualStudioSourceCodeAccess
LogPluginManager: Mounting plugin XCodeSourceCodeAccess
LogPluginManager: Mounting plugin AssetManagerEditor
LogPluginManager: Mounting plugin CryptoKeys
LogPluginManager: Mounting plugin DataValidation
LogPluginManager: Mounting plugin FacialAnimation
LogPluginManager: Mounting plugin GameplayTagsEditor
LogPluginManager: Mounting plugin MacGraphicsSwitching
LogPluginManager: Mounting plugin MeshEditor
LogPluginManager: Mounting plugin MobileLauncherProfileWizard
LogPluginManager: Mounting plugin PluginBrowser
LogPluginManager: Mounting plugin SpeedTreeImporter
LogPluginManager: Mounting plugin DatasmithContent
LogPluginManager: Mounting plugin VariantManagerContent
LogPluginManager: Mounting plugin AlembicImporter
LogPluginManager: Mounting plugin AppleImageUtils
LogPluginManager: Mounting plugin AppleVision
LogPluginManager: Mounting plugin BackChannel
LogPluginManager: Mounting plugin CharacterAI
LogPluginManager: Mounting plugin GeometryCache
LogPluginManager: Mounting plugin HTML5Networking
LogPluginManager: Mounting plugin ProxyLODPlugin
LogPluginManager: Mounting plugin MagicLeap
LogPluginManager: Mounting plugin MagicLeapMedia
LogPluginManager: Mounting plugin AndroidMedia
LogPluginManager: Mounting plugin AvfMedia
LogPluginManager: Mounting plugin ImgMedia
LogPluginManager: Mounting plugin LinearTimecode
LogPluginManager: Mounting plugin MediaCompositing
LogPluginManager: Mounting plugin MediaPlayerEditor
LogPluginManager: Mounting plugin WebMMedia
LogPluginManager: Mounting plugin WmfMedia
LogPluginManager: Mounting plugin TcpMessaging
LogPluginManager: Mounting plugin UdpMessaging
LogPluginManager: Mounting plugin ActorSequence
LogPluginManager: Mounting plugin LevelSequenceEditor
LogPluginManager: Mounting plugin MatineeToLevelSequence
LogPluginManager: Mounting plugin NetcodeUnitTest
LogPluginManager: Mounting plugin NUTUnrealEngine4
LogPluginManager: Mounting plugin OnlineSubsystemGooglePlay
LogPluginManager: Mounting plugin OnlineSubsystemIOS
LogPluginManager: Mounting plugin OnlineSubsystem
LogPluginManager: Mounting plugin OnlineSubsystemNull
LogPluginManager: Mounting plugin OnlineSubsystemUtils
LogPluginManager: Mounting plugin LauncherChunkInstaller
LogPluginManager: Mounting plugin AndroidDeviceProfileSelector
LogPluginManager: Mounting plugin AndroidMoviePlayer
LogPluginManager: Mounting plugin AndroidPermission
LogPluginManager: Mounting plugin AppleMoviePlayer
LogPluginManager: Mounting plugin ArchVisCharacter
LogPluginManager: Mounting plugin AudioCapture
LogPluginManager: Mounting plugin CableComponent
LogPluginManager: Mounting plugin CustomMeshComponent
LogPluginManager: Mounting plugin EditableMesh
LogPluginManager: Mounting plugin ExampleDeviceProfileSelector
LogPluginManager: Mounting plugin Firebase
LogPluginManager: Mounting plugin GoogleCloudMessaging
LogPluginManager: Mounting plugin HoudiniEngine
LogPluginManager: Mounting plugin IOSDeviceProfileSelector
LogPluginManager: Mounting plugin LinuxDeviceProfileSelector
LogPluginManager: Mounting plugin LocationServicesBPLibrary
LogPluginManager: Mounting plugin MobilePatchingUtils
LogPluginManager: Mounting plugin OculusVR
LogPluginManager: Mounting plugin PhysXVehicles
LogPluginManager: Mounting plugin ProceduralMeshComponent
LogPluginManager: Mounting plugin RuntimePhysXCooking
LogPluginManager: Mounting plugin SteamVR
LogPluginManager: Mounting plugin WebMMoviePlayer
LogPluginManager: Mounting plugin WindowsMoviePlayer
LogPluginManager: Mounting plugin RenderWidgetToTargetPlugin
LogStreaming: Display: Took  0.157s to configure plugins.
LogInit: Using libcurl 7.55.1-DEV
LogInit:  - built for x86_64-pc-win32
LogInit:  - supports SSL with OpenSSL/1.0.2h
LogInit:  - supports HTTP deflate (compression) using libz 1.2.8
LogInit:  - other features:
LogInit:      CURL_VERSION_SSL
LogInit:      CURL_VERSION_LIBZ
LogInit:      CURL_VERSION_IPV6
LogInit:      CURL_VERSION_ASYNCHDNS
LogInit:      CURL_VERSION_LARGEFILE
LogInit:      CURL_VERSION_IDN
LogInit:  CurlRequestOptions (configurable via config and command line):
LogInit:  - bVerifyPeer = true  - Libcurl will verify peer certificate
LogInit:  - bUseHttpProxy = false  - Libcurl will NOT use HTTP proxy
LogInit:  - bDontReuseConnections = false  - Libcurl will reuse connections
LogInit:  - MaxHostConnections = 16  - Libcurl will limit the number of connections to a host
LogInit:  - LocalHostAddr = Default
LogInit:  - BufferSize = 65536
LogInit: WinSock: version 1.1 (2.2), MaxSocks=32767, MaxUdp=65467
LogInit: Build: ++UE4+Release-4.21-CL-4753647
LogInit: Engine Version: 4.21.2-4753647+++UE4+Release-4.21
LogInit: Compatible Engine Version: 4.21.0-4541578+++UE4+Release-4.21
LogInit: Net CL: 4541578
LogInit: OS: Windows 10 (), CPU: Intel(R) Core(TM) i7-7700HQ CPU @ 2.80GHz, GPU: NVIDIA GeForce GTX 1070
LogInit: Compiled (64-bit): Jan 19 2019 02:07:31
LogInit: Compiled with Visual C++: 19.13.26129.00
LogInit: Build Configuration: Development
LogInit: Branch Name: ++UE4+Release-4.21
LogInit: Command Line: 
LogInit: Base Directory: C:/Program Files/Epic Games/UE_4.21/Engine/Binaries/Win64/
LogInit: Installed Engine Build: 1
LogDevObjectVersion: Number of dev versions registered: 22
LogDevObjectVersion:   Dev-Blueprints (B0D832E4-1F89-4F0D-ACCF-7EB736FD4AA2): 10
LogDevObjectVersion:   Dev-Build (E1C64328-A22C-4D53-A36C-8E866417BD8C): 0
LogDevObjectVersion:   Dev-Core (375EC13C-06E4-48FB-B500-84F0262A717E): 2
LogDevObjectVersion:   Dev-Editor (E4B068ED-F494-42E9-A231-DA0B2E46BB41): 26
LogDevObjectVersion:   Dev-Framework (CFFC743F-43B0-4480-9391-14DF171D2073): 34
LogDevObjectVersion:   Dev-Mobile (B02B49B5-BB20-44E9-A304-32B752E40360): 2
LogDevObjectVersion:   Dev-Networking (A4E4105C-59A1-49B5-A7C5-40C4547EDFEE): 0
LogDevObjectVersion:   Dev-Online (39C831C9-5AE6-47DC-9A44-9C173E1C8E7C): 0
LogDevObjectVersion:   Dev-Physics (78F01B33-EBEA-4F98-B9B4-84EACCB95AA2): 0
LogDevObjectVersion:   Dev-Platform (6631380F-2D4D-43E0-8009-CF276956A95A): 0
LogDevObjectVersion:   Dev-Rendering (12F88B9F-8875-4AFC-A67C-D90C383ABD29): 27
LogDevObjectVersion:   Dev-Sequencer (7B5AE74C-D270-4C10-A958-57980B212A5A): 9
LogDevObjectVersion:   Dev-VR (D7296918-1DD6-4BDD-9DE2-64A83CC13884): 2
LogDevObjectVersion:   Dev-LoadTimes (C2A15278-BFE7-4AFE-6C17-90FF531DF755): 1
LogDevObjectVersion:   Private-Geometry (6EACA3D4-40EC-4CC1-B786-8BED09428FC5): 3
LogDevObjectVersion:   Dev-AnimPhys (29E575DD-E0A3-4627-9D10-D276232CDCEA): 17
LogDevObjectVersion:   Dev-Anim (AF43A65D-7FD3-4947-9873-3E8ED9C1BB05): 2
LogDevObjectVersion:   Dev-ReflectionCapture (6B266CEC-1EC7-4B8F-A30B-E4D90942FC07): 1
LogDevObjectVersion:   Dev-Automation (0DF73D61-A23F-47EA-B727-89E90C41499A): 1
LogDevObjectVersion:   FortniteMain (601D1886-AC64-4F84-AA16-D3DE0DEAC7D6): 17
LogDevObjectVersion:   Dev-Enterprise (9DFFBCD6-494F-0158-E221-12823C92A888): 4
LogDevObjectVersion:   Dev-Niagara (F2AED0AC-9AFE-416F-8664-AA7FFA26D6FC): 1
LogStreaming: Display: Took  0.000s to delete old logs.
LogInit: Presizing for max 8388607 objects, including 0 objects not considered by GC, pre-allocating 0 bytes for permanent pool.
LogInit: Object subsystem initialized
LogConfig: Setting CVar [[con.DebugEarlyDefault:1]]
LogConfig: Setting CVar [[r.setres:1280x720]]
[2019.05.09-14.38.24:398][  0]LogConfig: Setting CVar [[r.VSync:0]]
[2019.05.09-14.38.24:398][  0]LogConfig: Setting CVar [[r.RHICmdBypass:0]]
[2019.05.09-14.38.24:398][  0]LogConfig: Applying CVar settings from Section [/Script/Engine.RendererSettings] File [D:/UE4_Projects/UE4Projects/Saved/Config/Windows/Engine.ini]
[2019.05.09-14.38.24:398][  0]LogConfig: Setting CVar [[r.GPUCrashDebugging:0]]
[2019.05.09-14.38.24:398][  0]LogConfig: Applying CVar settings from Section [/Script/Engine.RendererOverrideSettings] File [D:/UE4_Projects/UE4Projects/Saved/Config/Windows/Engine.ini]
[2019.05.09-14.38.24:398][  0]LogConfig: Applying CVar settings from Section [/Script/Engine.StreamingSettings] File [D:/UE4_Projects/UE4Projects/Saved/Config/Windows/Engine.ini]
[2019.05.09-14.38.24:398][  0]LogConfig: Setting CVar [[s.MinBulkDataSizeForAsyncLoading:131072]]
[2019.05.09-14.38.24:398][  0]LogConfig: Setting CVar [[s.AsyncLoadingThreadEnabled:0]]
[2019.05.09-14.38.24:398][  0]LogConfig: Setting CVar [[s.EventDrivenLoaderEnabled:1]]
[2019.05.09-14.38.24:398][  0]LogConfig: Setting CVar [[s.WarnIfTimeLimitExceeded:0]]
[2019.05.09-14.38.24:398][  0]LogConfig: Setting CVar [[s.TimeLimitExceededMultiplier:1.5]]
[2019.05.09-14.38.24:398][  0]LogConfig: Setting CVar [[s.TimeLimitExceededMinTime:0.005]]
[2019.05.09-14.38.24:398][  0]LogConfig: Setting CVar [[s.UseBackgroundLevelStreaming:1]]
[2019.05.09-14.38.24:398][  0]LogConfig: Setting CVar [[s.PriorityAsyncLoadingExtraTime:15.0]]
[2019.05.09-14.38.24:398][  0]LogConfig: Setting CVar [[s.LevelStreamingActorsUpdateTimeLimit:5.0]]
[2019.05.09-14.38.24:398][  0]LogConfig: Setting CVar [[s.PriorityLevelStreamingActorsUpdateExtraTime:5.0]]
[2019.05.09-14.38.24:398][  0]LogConfig: Setting CVar [[s.LevelStreamingComponentsRegistrationGranularity:10]]
[2019.05.09-14.38.24:398][  0]LogConfig: Setting CVar [[s.UnregisterComponentsTimeLimit:1.0]]
[2019.05.09-14.38.24:398][  0]LogConfig: Setting CVar [[s.LevelStreamingComponentsUnregistrationGranularity:5]]
[2019.05.09-14.38.24:398][  0]LogConfig: Applying CVar settings from Section [/Script/Engine.GarbageCollectionSettings] File [D:/UE4_Projects/UE4Projects/Saved/Config/Windows/Engine.ini]
[2019.05.09-14.38.24:398][  0]LogConfig: Setting CVar [[gc.MaxObjectsNotConsideredByGC:1]]
[2019.05.09-14.38.24:398][  0]LogConfig: Setting CVar [[gc.SizeOfPermanentObjectPool:0]]
[2019.05.09-14.38.24:399][  0]LogConfig: Setting CVar [[gc.FlushStreamingOnGC:0]]
[2019.05.09-14.38.24:399][  0]LogConfig: Setting CVar [[gc.NumRetriesBeforeForcingGC:10]]
[2019.05.09-14.38.24:399][  0]LogConfig: Setting CVar [[gc.AllowParallelGC:1]]
[2019.05.09-14.38.24:399][  0]LogConfig: Setting CVar [[gc.TimeBetweenPurgingPendingKillObjects:61.1]]
[2019.05.09-14.38.24:399][  0]LogConfig: Setting CVar [[gc.MaxObjectsInEditor:8388607]]
[2019.05.09-14.38.24:399][  0]LogConfig: Setting CVar [[gc.IncrementalBeginDestroyEnabled:1]]
[2019.05.09-14.38.24:399][  0]LogConfig: Setting CVar [[gc.CreateGCClusters:1]]
[2019.05.09-14.38.24:399][  0]LogConfig: Setting CVar [[gc.MergeGCClusters:0]]
[2019.05.09-14.38.24:399][  0]LogConfig: Setting CVar [[gc.MinGCClusterSize:5]]
[2019.05.09-14.38.24:399][  0]LogConfig: Setting CVar [[gc.ActorClusteringEnabled:0]]
[2019.05.09-14.38.24:399][  0]LogConfig: Setting CVar [[gc.BlueprintClusteringEnabled:0]]
[2019.05.09-14.38.24:399][  0]LogConfig: Setting CVar [[gc.UseDisregardForGCOnDedicatedServers:0]]
[2019.05.09-14.38.24:399][  0]LogConfig: Applying CVar settings from Section [/Script/Engine.NetworkSettings] File [D:/UE4_Projects/UE4Projects/Saved/Config/Windows/Engine.ini]
[2019.05.09-14.38.24:399][  0]LogConfig: Applying CVar settings from Section [/Script/UnrealEd.CookerSettings] File [D:/UE4_Projects/UE4Projects/Saved/Config/Windows/Engine.ini]
[2019.05.09-14.38.24:401][  0]LogConfig: Applying CVar settings from Section [ViewDistanceQuality@3] File [D:/UE4_Projects/UE4Projects/Saved/Config/Windows/Scalability.ini]
[2019.05.09-14.38.24:401][  0]LogConfig: Setting CVar [[r.SkeletalMeshLODBias:0]]
[2019.05.09-14.38.24:401][  0]LogConfig: Setting CVar [[r.ViewDistanceScale:1.0]]
[2019.05.09-14.38.24:401][  0]LogConfig: Applying CVar settings from Section [AntiAliasingQuality@3] File [D:/UE4_Projects/UE4Projects/Saved/Config/Windows/Scalability.ini]
[2019.05.09-14.38.24:401][  0]LogConfig: Setting CVar [[r.PostProcessAAQuality:4]]
[2019.05.09-14.38.24:401][  0]LogConfig: Applying CVar settings from Section [ShadowQuality@3] File [D:/UE4_Projects/UE4Projects/Saved/Config/Windows/Scalability.ini]
[2019.05.09-14.38.24:401][  0]LogConfig: Setting CVar [[r.LightFunctionQuality:1]]
[2019.05.09-14.38.24:401][  0]LogConfig: Setting CVar [[r.ShadowQuality:5]]
[2019.05.09-14.38.24:401][  0]LogConfig: Setting CVar [[r.Shadow.CSM.MaxCascades:10]]
[2019.05.09-14.38.24:401][  0]LogConfig: Setting CVar [[r.Shadow.MaxResolution:2048]]
[2019.05.09-14.38.24:401][  0]LogConfig: Setting CVar [[r.Shadow.MaxCSMResolution:2048]]
[2019.05.09-14.38.24:401][  0]LogConfig: Setting CVar [[r.Shadow.RadiusThreshold:0.01]]
[2019.05.09-14.38.24:401][  0]LogConfig: Setting CVar [[r.Shadow.DistanceScale:1.0]]
[2019.05.09-14.38.24:401][  0]LogConfig: Setting CVar [[r.Shadow.CSM.TransitionScale:1.0]]
[2019.05.09-14.38.24:401][  0]LogConfig: Setting CVar [[r.Shadow.PreShadowResolutionFactor:1.0]]
[2019.05.09-14.38.24:401][  0]LogConfig: Setting CVar [[r.DistanceFieldShadowing:1]]
[2019.05.09-14.38.24:401][  0]LogConfig: Setting CVar [[r.DistanceFieldAO:1]]
[2019.05.09-14.38.24:401][  0]LogConfig: Setting CVar [[r.AOQuality:2]]
[2019.05.09-14.38.24:401][  0]LogConfig: Setting CVar [[r.VolumetricFog:1]]
[2019.05.09-14.38.24:401][  0]LogConfig: Setting CVar [[r.VolumetricFog.GridPixelSize:8]]
[2019.05.09-14.38.24:401][  0]LogConfig: Setting CVar [[r.VolumetricFog.GridSizeZ:128]]
[2019.05.09-14.38.24:402][  0]LogConfig: Setting CVar [[r.VolumetricFog.HistoryMissSupersampleCount:4]]
[2019.05.09-14.38.24:402][  0]LogConfig: Setting CVar [[r.LightMaxDrawDistanceScale:1]]
[2019.05.09-14.38.24:402][  0]LogConfig: Setting CVar [[r.CapsuleShadows:1]]
[2019.05.09-14.38.24:402][  0]LogConfig: Applying CVar settings from Section [PostProcessQuality@3] File [D:/UE4_Projects/UE4Projects/Saved/Config/Windows/Scalability.ini]
[2019.05.09-14.38.24:402][  0]LogConfig: Setting CVar [[r.MotionBlurQuality:4]]
[2019.05.09-14.38.24:402][  0]LogConfig: Setting CVar [[r.AmbientOcclusionMipLevelFactor:0.4]]
[2019.05.09-14.38.24:402][  0]LogConfig: Setting CVar [[r.AmbientOcclusionMaxQuality:100]]
[2019.05.09-14.38.24:402][  0]LogConfig: Setting CVar [[r.AmbientOcclusionLevels:-1]]
[2019.05.09-14.38.24:402][  0]LogConfig: Setting CVar [[r.AmbientOcclusionRadiusScale:1.0]]
[2019.05.09-14.38.24:402][  0]LogConfig: Setting CVar [[r.DepthOfFieldQuality:2]]
[2019.05.09-14.38.24:402][  0]LogConfig: Setting CVar [[r.RenderTargetPoolMin:400]]
[2019.05.09-14.38.24:402][  0]LogConfig: Setting CVar [[r.LensFlareQuality:2]]
[2019.05.09-14.38.24:402][  0]LogConfig: Setting CVar [[r.SceneColorFringeQuality:1]]
[2019.05.09-14.38.24:402][  0]LogConfig: Setting CVar [[r.EyeAdaptationQuality:2]]
[2019.05.09-14.38.24:402][  0]LogConfig: Setting CVar [[r.BloomQuality:5]]
[2019.05.09-14.38.24:402][  0]LogConfig: Setting CVar [[r.FastBlurThreshold:100]]
[2019.05.09-14.38.24:402][  0]LogConfig: Setting CVar [[r.Upscale.Quality:3]]
[2019.05.09-14.38.24:402][  0]LogConfig: Setting CVar [[r.Tonemapper.GrainQuantization:1]]
[2019.05.09-14.38.24:402][  0]LogConfig: Setting CVar [[r.LightShaftQuality:1]]
[2019.05.09-14.38.24:402][  0]LogConfig: Setting CVar [[r.Filter.SizeScale:1]]
[2019.05.09-14.38.24:402][  0]LogConfig: Setting CVar [[r.Tonemapper.Quality:5]]
[2019.05.09-14.38.24:402][  0]LogConfig: Setting CVar [[r.DOF.Gather.AccumulatorQuality:1        ; higher gathering accumulator quality]]
[2019.05.09-14.38.24:402][  0]LogConfig: Setting CVar [[r.DOF.Gather.PostfilterMethod:1          ; Median3x3 postfilering method]]
[2019.05.09-14.38.24:402][  0]LogConfig: Setting CVar [[r.DOF.Gather.EnableBokehSettings:0       ; no bokeh simulation when gathering]]
[2019.05.09-14.38.24:402][  0]LogConfig: Setting CVar [[r.DOF.Gather.RingCount:4                 ; medium number of samples when gathering]]
[2019.05.09-14.38.24:402][  0]LogConfig: Setting CVar [[r.DOF.Scatter.ForegroundCompositing:1    ; additive foreground scattering]]
[2019.05.09-14.38.24:402][  0]LogConfig: Setting CVar [[r.DOF.Scatter.BackgroundCompositing:2    ; additive background scattering]]
[2019.05.09-14.38.24:402][  0]LogConfig: Setting CVar [[r.DOF.Scatter.EnableBokehSettings:1      ; bokeh simulation when scattering]]
[2019.05.09-14.38.24:402][  0]LogConfig: Setting CVar [[r.DOF.Scatter.MaxSpriteRatio:0.1         ; only a maximum of 10% of scattered bokeh]]
[2019.05.09-14.38.24:402][  0]LogConfig: Setting CVar [[r.DOF.Recombine.Quality:1                ; cheap slight out of focus]]
[2019.05.09-14.38.24:402][  0]LogConfig: Setting CVar [[r.DOF.Recombine.EnableBokehSettings:0    ; no bokeh simulation on slight out of focus]]
[2019.05.09-14.38.24:402][  0]LogConfig: Setting CVar [[r.DOF.TemporalAAQuality:1                ; more stable temporal accumulation]]
[2019.05.09-14.38.24:402][  0]LogConfig: Setting CVar [[r.DOF.Kernel.MaxForegroundRadius:0.025]]
[2019.05.09-14.38.24:402][  0]LogConfig: Setting CVar [[r.DOF.Kernel.MaxBackgroundRadius:0.025]]
[2019.05.09-14.38.24:402][  0]LogConfig: Applying CVar settings from Section [TextureQuality@3] File [D:/UE4_Projects/UE4Projects/Saved/Config/Windows/Scalability.ini]
[2019.05.09-14.38.24:402][  0]LogConfig: Setting CVar [[r.Streaming.MipBias:0]]
[2019.05.09-14.38.24:402][  0]LogConfig: Setting CVar [[r.Streaming.AmortizeCPUToGPUCopy:0]]
[2019.05.09-14.38.24:402][  0]LogConfig: Setting CVar [[r.Streaming.MaxNumTexturesToStreamPerFrame:0]]
[2019.05.09-14.38.24:402][  0]LogConfig: Setting CVar [[r.Streaming.Boost:1]]
[2019.05.09-14.38.24:402][  0]LogConfig: Setting CVar [[r.MaxAnisotropy:8]]
[2019.05.09-14.38.24:402][  0]LogConfig: Setting CVar [[r.Streaming.LimitPoolSizeToVRAM:0]]
[2019.05.09-14.38.24:402][  0]LogConfig: Setting CVar [[r.Streaming.PoolSize:1000]]
[2019.05.09-14.38.24:402][  0]LogConfig: Setting CVar [[r.Streaming.MaxEffectiveScreenSize:0]]
[2019.05.09-14.38.24:402][  0]LogConfig: Applying CVar settings from Section [EffectsQuality@3] File [D:/UE4_Projects/UE4Projects/Saved/Config/Windows/Scalability.ini]
[2019.05.09-14.38.24:402][  0]LogConfig: Setting CVar [[r.TranslucencyLightingVolumeDim:64]]
[2019.05.09-14.38.24:402][  0]LogConfig: Setting CVar [[r.RefractionQuality:2]]
[2019.05.09-14.38.24:402][  0]LogConfig: Setting CVar [[r.SSR.Quality:3]]
[2019.05.09-14.38.24:402][  0]LogConfig: Setting CVar [[r.SceneColorFormat:4]]
[2019.05.09-14.38.24:402][  0]LogConfig: Setting CVar [[r.DetailMode:2]]
[2019.05.09-14.38.24:402][  0]LogConfig: Setting CVar [[r.TranslucencyVolumeBlur:1]]
[2019.05.09-14.38.24:402][  0]LogConfig: Setting CVar [[r.MaterialQualityLevel:1 ; High quality]]
[2019.05.09-14.38.24:402][  0]LogConfig: Setting CVar [[r.SSS.Scale:1]]
[2019.05.09-14.38.24:402][  0]LogConfig: Setting CVar [[r.SSS.SampleSet:2]]
[2019.05.09-14.38.24:403][  0]LogConfig: Setting CVar [[r.SSS.Quality:1]]
[2019.05.09-14.38.24:403][  0]LogConfig: Setting CVar [[r.SSS.HalfRes:1]]
[2019.05.09-14.38.24:403][  0]LogConfig: Setting CVar [[r.EmitterSpawnRateScale:1.0]]
[2019.05.09-14.38.24:403][  0]LogConfig: Setting CVar [[r.ParticleLightQuality:2]]
[2019.05.09-14.38.24:403][  0]LogConfig: Applying CVar settings from Section [FoliageQuality@3] File [D:/UE4_Projects/UE4Projects/Saved/Config/Windows/Scalability.ini]
[2019.05.09-14.38.24:403][  0]LogConfig: Setting CVar [[foliage.DensityScale:1.0]]
[2019.05.09-14.38.24:403][  0]LogConfig: Setting CVar [[grass.DensityScale:1.0]]
[2019.05.09-14.38.24:403][  0]LogInit: Selected Device Profile: [Windows]
[2019.05.09-14.38.24:403][  0]LogInit: Applying CVar settings loaded from the selected device profile: [Windows]
[2019.05.09-14.38.24:412][  0]LogHAL: Display: Platform has ~ 16 GB [17135013888 / 17179869184 / 16], which maps to Larger [LargestMinGB=32, LargerMinGB=12, DefaultMinGB=8, SmallerMinGB=6, SmallestMinGB=0)
[2019.05.09-14.38.24:412][  0]LogConfig: Setting CVar [[r.Vulkan.UseRealUBs:1]]
[2019.05.09-14.38.24:412][  0]LogInit: Going up to parent DeviceProfile []
[2019.05.09-14.38.24:412][  0]LogConfig: Applying CVar settings from Section [ViewDistanceQuality@3] File [D:/UE4_Projects/UE4Projects/Saved/Config/Windows/Scalability.ini]
[2019.05.09-14.38.24:412][  0]LogConfig: Setting CVar [[r.SkeletalMeshLODBias:0]]
[2019.05.09-14.38.24:412][  0]LogConfig: Setting CVar [[r.ViewDistanceScale:1.0]]
[2019.05.09-14.38.24:412][  0]LogConfig: Applying CVar settings from Section [AntiAliasingQuality@3] File [D:/UE4_Projects/UE4Projects/Saved/Config/Windows/Scalability.ini]
[2019.05.09-14.38.24:412][  0]LogConfig: Setting CVar [[r.PostProcessAAQuality:4]]
[2019.05.09-14.38.24:412][  0]LogConfig: Applying CVar settings from Section [ShadowQuality@3] File [D:/UE4_Projects/UE4Projects/Saved/Config/Windows/Scalability.ini]
[2019.05.09-14.38.24:412][  0]LogConfig: Setting CVar [[r.LightFunctionQuality:1]]
[2019.05.09-14.38.24:412][  0]LogConfig: Setting CVar [[r.ShadowQuality:5]]
[2019.05.09-14.38.24:412][  0]LogConfig: Setting CVar [[r.Shadow.CSM.MaxCascades:10]]
[2019.05.09-14.38.24:412][  0]LogConfig: Setting CVar [[r.Shadow.MaxResolution:2048]]
[2019.05.09-14.38.24:412][  0]LogConfig: Setting CVar [[r.Shadow.MaxCSMResolution:2048]]
[2019.05.09-14.38.24:412][  0]LogConfig: Setting CVar [[r.Shadow.RadiusThreshold:0.01]]
[2019.05.09-14.38.24:412][  0]LogConfig: Setting CVar [[r.Shadow.DistanceScale:1.0]]
[2019.05.09-14.38.24:412][  0]LogConfig: Setting CVar [[r.Shadow.CSM.TransitionScale:1.0]]
[2019.05.09-14.38.24:412][  0]LogConfig: Setting CVar [[r.Shadow.PreShadowResolutionFactor:1.0]]
[2019.05.09-14.38.24:413][  0]LogConfig: Setting CVar [[r.DistanceFieldShadowing:1]]
[2019.05.09-14.38.24:413][  0]LogConfig: Setting CVar [[r.DistanceFieldAO:1]]
[2019.05.09-14.38.24:413][  0]LogConfig: Setting CVar [[r.AOQuality:2]]
[2019.05.09-14.38.24:413][  0]LogConfig: Setting CVar [[r.VolumetricFog:1]]
[2019.05.09-14.38.24:413][  0]LogConfig: Setting CVar [[r.VolumetricFog.GridPixelSize:8]]
[2019.05.09-14.38.24:413][  0]LogConfig: Setting CVar [[r.VolumetricFog.GridSizeZ:128]]
[2019.05.09-14.38.24:413][  0]LogConfig: Setting CVar [[r.VolumetricFog.HistoryMissSupersampleCount:4]]
[2019.05.09-14.38.24:413][  0]LogConfig: Setting CVar [[r.LightMaxDrawDistanceScale:1]]
[2019.05.09-14.38.24:413][  0]LogConfig: Setting CVar [[r.CapsuleShadows:1]]
[2019.05.09-14.38.24:413][  0]LogConfig: Applying CVar settings from Section [PostProcessQuality@3] File [D:/UE4_Projects/UE4Projects/Saved/Config/Windows/Scalability.ini]
[2019.05.09-14.38.24:413][  0]LogConfig: Setting CVar [[r.MotionBlurQuality:4]]
[2019.05.09-14.38.24:413][  0]LogConfig: Setting CVar [[r.AmbientOcclusionMipLevelFactor:0.4]]
[2019.05.09-14.38.24:413][  0]LogConfig: Setting CVar [[r.AmbientOcclusionMaxQuality:100]]
[2019.05.09-14.38.24:413][  0]LogConfig: Setting CVar [[r.AmbientOcclusionLevels:-1]]
[2019.05.09-14.38.24:413][  0]LogConfig: Setting CVar [[r.AmbientOcclusionRadiusScale:1.0]]
[2019.05.09-14.38.24:413][  0]LogConfig: Setting CVar [[r.DepthOfFieldQuality:2]]
[2019.05.09-14.38.24:413][  0]LogConfig: Setting CVar [[r.RenderTargetPoolMin:400]]
[2019.05.09-14.38.24:413][  0]LogConfig: Setting CVar [[r.LensFlareQuality:2]]
[2019.05.09-14.38.24:413][  0]LogConfig: Setting CVar [[r.SceneColorFringeQuality:1]]
[2019.05.09-14.38.24:413][  0]LogConfig: Setting CVar [[r.EyeAdaptationQuality:2]]
[2019.05.09-14.38.24:413][  0]LogConfig: Setting CVar [[r.BloomQuality:5]]
[2019.05.09-14.38.24:413][  0]LogConfig: Setting CVar [[r.FastBlurThreshold:100]]
[2019.05.09-14.38.24:413][  0]LogConfig: Setting CVar [[r.Upscale.Quality:3]]
[2019.05.09-14.38.24:413][  0]LogConfig: Setting CVar [[r.Tonemapper.GrainQuantization:1]]
[2019.05.09-14.38.24:413][  0]LogConfig: Setting CVar [[r.LightShaftQuality:1]]
[2019.05.09-14.38.24:413][  0]LogConfig: Setting CVar [[r.Filter.SizeScale:1]]
[2019.05.09-14.38.24:413][  0]LogConfig: Setting CVar [[r.Tonemapper.Quality:5]]
[2019.05.09-14.38.24:413][  0]LogConfig: Setting CVar [[r.DOF.Gather.AccumulatorQuality:1        ; higher gathering accumulator quality]]
[2019.05.09-14.38.24:413][  0]LogConfig: Setting CVar [[r.DOF.Gather.PostfilterMethod:1          ; Median3x3 postfilering method]]
[2019.05.09-14.38.24:413][  0]LogConfig: Setting CVar [[r.DOF.Gather.EnableBokehSettings:0       ; no bokeh simulation when gathering]]
[2019.05.09-14.38.24:413][  0]LogConfig: Setting CVar [[r.DOF.Gather.RingCount:4                 ; medium number of samples when gathering]]
[2019.05.09-14.38.24:413][  0]LogConfig: Setting CVar [[r.DOF.Scatter.ForegroundCompositing:1    ; additive foreground scattering]]
[2019.05.09-14.38.24:413][  0]LogConfig: Setting CVar [[r.DOF.Scatter.BackgroundCompositing:2    ; additive background scattering]]
[2019.05.09-14.38.24:413][  0]LogConfig: Setting CVar [[r.DOF.Scatter.EnableBokehSettings:1      ; bokeh simulation when scattering]]
[2019.05.09-14.38.24:413][  0]LogConfig: Setting CVar [[r.DOF.Scatter.MaxSpriteRatio:0.1         ; only a maximum of 10% of scattered bokeh]]
[2019.05.09-14.38.24:413][  0]LogConfig: Setting CVar [[r.DOF.Recombine.Quality:1                ; cheap slight out of focus]]
[2019.05.09-14.38.24:413][  0]LogConfig: Setting CVar [[r.DOF.Recombine.EnableBokehSettings:0    ; no bokeh simulation on slight out of focus]]
[2019.05.09-14.38.24:413][  0]LogConfig: Setting CVar [[r.DOF.TemporalAAQuality:1                ; more stable temporal accumulation]]
[2019.05.09-14.38.24:413][  0]LogConfig: Setting CVar [[r.DOF.Kernel.MaxForegroundRadius:0.025]]
[2019.05.09-14.38.24:413][  0]LogConfig: Setting CVar [[r.DOF.Kernel.MaxBackgroundRadius:0.025]]
[2019.05.09-14.38.24:413][  0]LogConfig: Applying CVar settings from Section [TextureQuality@3] File [D:/UE4_Projects/UE4Projects/Saved/Config/Windows/Scalability.ini]
[2019.05.09-14.38.24:413][  0]LogConfig: Setting CVar [[r.Streaming.MipBias:0]]
[2019.05.09-14.38.24:413][  0]LogConfig: Setting CVar [[r.Streaming.AmortizeCPUToGPUCopy:0]]
[2019.05.09-14.38.24:413][  0]LogConfig: Setting CVar [[r.Streaming.MaxNumTexturesToStreamPerFrame:0]]
[2019.05.09-14.38.24:413][  0]LogConfig: Setting CVar [[r.Streaming.Boost:1]]
[2019.05.09-14.38.24:413][  0]LogConfig: Setting CVar [[r.MaxAnisotropy:8]]
[2019.05.09-14.38.24:413][  0]LogConfig: Setting CVar [[r.Streaming.LimitPoolSizeToVRAM:0]]
[2019.05.09-14.38.24:413][  0]LogConfig: Setting CVar [[r.Streaming.PoolSize:1000]]
[2019.05.09-14.38.24:413][  0]LogConfig: Setting CVar [[r.Streaming.MaxEffectiveScreenSize:0]]
[2019.05.09-14.38.24:413][  0]LogConfig: Applying CVar settings from Section [EffectsQuality@3] File [D:/UE4_Projects/UE4Projects/Saved/Config/Windows/Scalability.ini]
[2019.05.09-14.38.24:413][  0]LogConfig: Setting CVar [[r.TranslucencyLightingVolumeDim:64]]
[2019.05.09-14.38.24:413][  0]LogConfig: Setting CVar [[r.RefractionQuality:2]]
[2019.05.09-14.38.24:413][  0]LogConfig: Setting CVar [[r.SSR.Quality:3]]
[2019.05.09-14.38.24:413][  0]LogConfig: Setting CVar [[r.SceneColorFormat:4]]
[2019.05.09-14.38.24:413][  0]LogConfig: Setting CVar [[r.DetailMode:2]]
[2019.05.09-14.38.24:413][  0]LogConfig: Setting CVar [[r.TranslucencyVolumeBlur:1]]
[2019.05.09-14.38.24:413][  0]LogConfig: Setting CVar [[r.MaterialQualityLevel:1 ; High quality]]
[2019.05.09-14.38.24:413][  0]LogConfig: Setting CVar [[r.SSS.Scale:1]]
[2019.05.09-14.38.24:413][  0]LogConfig: Setting CVar [[r.SSS.SampleSet:2]]
[2019.05.09-14.38.24:413][  0]LogConfig: Setting CVar [[r.SSS.Quality:1]]
[2019.05.09-14.38.24:413][  0]LogConfig: Setting CVar [[r.SSS.HalfRes:1]]
[2019.05.09-14.38.24:413][  0]LogConfig: Setting CVar [[r.EmitterSpawnRateScale:1.0]]
[2019.05.09-14.38.24:413][  0]LogConfig: Setting CVar [[r.ParticleLightQuality:2]]
[2019.05.09-14.38.24:413][  0]LogConfig: Applying CVar settings from Section [FoliageQuality@3] File [D:/UE4_Projects/UE4Projects/Saved/Config/Windows/Scalability.ini]
[2019.05.09-14.38.24:413][  0]LogConfig: Setting CVar [[foliage.DensityScale:1.0]]
[2019.05.09-14.38.24:413][  0]LogConfig: Setting CVar [[grass.DensityScale:1.0]]
[2019.05.09-14.38.24:413][  0]LogConfig: Applying CVar settings from Section [Startup] File [../../../Engine/Config/ConsoleVariables.ini]
[2019.05.09-14.38.24:414][  0]LogConfig: Setting CVar [[net.UseAdaptiveNetUpdateFrequency:0]]
[2019.05.09-14.38.24:414][  0]LogConfig: Applying CVar settings from Section [ConsoleVariables] File [D:/UE4_Projects/UE4Projects/Saved/Config/Windows/Engine.ini]
[2019.05.09-14.38.24:414][  0]LogInit: Computer: LAPTOP-LEJHOLEJ
[2019.05.09-14.38.24:414][  0]LogInit: User: marim
[2019.05.09-14.38.24:414][  0]LogInit: CPU Page size=4096, Cores=4
[2019.05.09-14.38.24:414][  0]LogInit: High frequency timer resolution =2.742187 MHz
[2019.05.09-14.38.24:414][  0]LogMemory: Memory total: Physical=16.0GB (16GB approx)
[2019.05.09-14.38.24:414][  0]LogMemory: Platform Memory Stats for Windows
[2019.05.09-14.38.24:414][  0]LogMemory: Process Physical Memory: 106.07 MB used, 106.07 MB peak
[2019.05.09-14.38.24:414][  0]LogMemory: Process Virtual Memory: 92.64 MB used, 92.64 MB peak
[2019.05.09-14.38.24:414][  0]LogMemory: Physical Memory: 4501.24 MB used,  11839.98 MB free, 16341.22 MB total
[2019.05.09-14.38.24:415][  0]LogMemory: Virtual Memory: 4666.67 MB used,  134213064.00 MB free, 134217728.00 MB total
[2019.05.09-14.38.24:451][  0]LogInit: Using OS detected language (en-US).
[2019.05.09-14.38.24:451][  0]LogInit: Using OS detected locale (en-US).
[2019.05.09-14.38.24:452][  0]LogTextLocalizationManager: No specific localization for 'en-US' exists, so the 'en' localization will be used.
[2019.05.09-14.38.24:847][  0]LogStreaming: Display: Took  0.396s to InitEngineTextLocalization.
[2019.05.09-14.38.24:847][  0]LogInit: Setting process to per monitor DPI aware
[2019.05.09-14.38.24:908][  0]LogSlate: New Slate User Created.  User Index 0, Is Virtual User: 0
[2019.05.09-14.38.24:908][  0]LogSlate: Slate User Registered.  User Index 0, Is Virtual User: 0
[2019.05.09-14.38.25:295][  0]LogHMD: Failed to initialize OpenVR with code 110
[2019.05.09-14.38.25:295][  0]LogD3D11RHI: D3D11 adapters:
[2019.05.09-14.38.25:381][  0]LogD3D11RHI:    0. 'NVIDIA GeForce GTX 1070' (Feature Level 11_0)
[2019.05.09-14.38.25:381][  0]LogD3D11RHI:       8081/0/8170 MB DedicatedVideo/DedicatedSystem/SharedSystem, Outputs:1, VendorId:0x10de
[2019.05.09-14.38.25:384][  0]LogD3D11RHI:    1. 'Microsoft Basic Render Driver' (Feature Level 11_0)
[2019.05.09-14.38.25:384][  0]LogD3D11RHI:       0/0/8170 MB DedicatedVideo/DedicatedSystem/SharedSystem, Outputs:0, VendorId:0x1414
[2019.05.09-14.38.25:384][  0]LogD3D11RHI: Chosen D3D11 Adapter: 0
[2019.05.09-14.38.25:393][  0]LogD3D11RHI: Creating new Direct3DDevice
[2019.05.09-14.38.25:393][  0]LogD3D11RHI:     GPU DeviceId: 0x1be1 (for the marketing name, search the web for "GPU Device Id")
[2019.05.09-14.38.25:393][  0]LogWindows: EnumDisplayDevices:
[2019.05.09-14.38.25:393][  0]LogWindows:    0. 'NVIDIA GeForce GTX 1070' (P:1 D:1)
[2019.05.09-14.38.25:393][  0]LogWindows:    1. 'NVIDIA GeForce GTX 1070' (P:0 D:0)
[2019.05.09-14.38.25:393][  0]LogWindows:    2. 'NVIDIA GeForce GTX 1070' (P:0 D:0)
[2019.05.09-14.38.25:394][  0]LogWindows:    3. 'NVIDIA GeForce GTX 1070' (P:0 D:0)
[2019.05.09-14.38.25:394][  0]LogWindows: DebugString: FoundDriverCount:4 
[2019.05.09-14.38.25:394][  0]LogD3D11RHI:     Adapter Name: NVIDIA GeForce GTX 1070
[2019.05.09-14.38.25:394][  0]LogD3D11RHI:   Driver Version: 398.36 (internal:24.21.13.9836, unified:398.36)
[2019.05.09-14.38.25:394][  0]LogD3D11RHI:      Driver Date: 6-24-2018
[2019.05.09-14.38.25:394][  0]LogRHI: Texture pool is 5656 MB (70% of 8081 MB)
[2019.05.09-14.38.25:443][  0]LogD3D11RHI: Async texture creation enabled
[2019.05.09-14.38.25:473][  0]LogD3D11RHI: GPU Timing Frequency: 1000.000000 (Debug: 2 2)
[2019.05.09-14.38.25:912][  0]LogTemp: Display: Loaded TP AllDesktopTargetPlatform
[2019.05.09-14.38.25:927][  0]LogTemp: Display: Loaded TP MacClientTargetPlatform
[2019.05.09-14.38.25:941][  0]LogTemp: Display: Loaded TP MacNoEditorTargetPlatform
[2019.05.09-14.38.25:956][  0]LogTemp: Display: Loaded TP MacServerTargetPlatform
[2019.05.09-14.38.25:972][  0]LogTemp: Display: Loaded TP MacTargetPlatform
[2019.05.09-14.38.25:987][  0]LogTemp: Display: Loaded TP WindowsClientTargetPlatform
[2019.05.09-14.38.26:001][  0]LogTemp: Display: Loaded TP WindowsNoEditorTargetPlatform
[2019.05.09-14.38.26:017][  0]LogTemp: Display: Loaded TP WindowsServerTargetPlatform
[2019.05.09-14.38.26:024][  0]LogTemp: Display: Loaded TP WindowsTargetPlatform
[2019.05.09-14.38.26:096][  0]LogTemp: Display: Loaded TP AndroidTargetPlatform
[2019.05.09-14.38.26:096][  0]LogTemp: Display: Loaded TP AndroidTargetPlatform
[2019.05.09-14.38.26:096][  0]LogTemp: Display: Loaded TP AndroidTargetPlatform
[2019.05.09-14.38.26:096][  0]LogTemp: Display: Loaded TP AndroidTargetPlatform
[2019.05.09-14.38.26:096][  0]LogTemp: Display: Loaded TP AndroidTargetPlatform
[2019.05.09-14.38.26:096][  0]LogTemp: Display: Loaded TP AndroidTargetPlatform
[2019.05.09-14.38.26:096][  0]LogTemp: Display: Loaded TP AndroidTargetPlatform
[2019.05.09-14.38.26:096][  0]LogTemp: Display: Loaded TP AndroidTargetPlatform
[2019.05.09-14.38.26:096][  0]LogTemp: Display: Loaded TP AndroidTargetPlatform
[2019.05.09-14.38.26:096][  0]LogTemp: Display: Loaded TP AndroidTargetPlatform
[2019.05.09-14.38.26:096][  0]LogTemp: Display: Loaded TP AndroidTargetPlatform
[2019.05.09-14.38.26:096][  0]LogTemp: Display: Loaded TP AndroidTargetPlatform
[2019.05.09-14.38.26:096][  0]LogTemp: Display: Loaded TP AndroidTargetPlatform
[2019.05.09-14.38.26:096][  0]LogTemp: Display: Loaded TP AndroidTargetPlatform
[2019.05.09-14.38.26:096][  0]LogTemp: Display: Loaded TP AndroidTargetPlatform
[2019.05.09-14.38.26:096][  0]LogTemp: Display: Loaded TP AndroidTargetPlatform
[2019.05.09-14.38.26:096][  0]LogTemp: Display: Loaded TP AndroidTargetPlatform
[2019.05.09-14.38.26:096][  0]LogTemp: Display: Loaded TP AndroidTargetPlatform
[2019.05.09-14.38.26:099][  0]LogTemp: Display: Loaded TP HTML5TargetPlatform
[2019.05.09-14.38.26:178][  0]LogTemp: Display: Loaded TP IOSTargetPlatform
[2019.05.09-14.38.26:178][  0]LogTemp: Display: Loaded TP IOSTargetPlatform
[2019.05.09-14.38.26:201][  0]LogTemp: Display: Loaded TP TVOSTargetPlatform
[2019.05.09-14.38.26:201][  0]LogTemp: Display: Loaded TP TVOSTargetPlatform
[2019.05.09-14.38.26:215][  0]LogTemp: Display: Loaded TP LinuxClientTargetPlatform
[2019.05.09-14.38.26:228][  0]LogTemp: Display: Loaded TP LinuxNoEditorTargetPlatform
[2019.05.09-14.38.26:241][  0]LogTemp: Display: Loaded TP LinuxServerTargetPlatform
[2019.05.09-14.38.26:255][  0]LogTemp: Display: Loaded TP LinuxTargetPlatform
[2019.05.09-14.38.26:299][  0]LogTemp: Display: Loaded TP LuminTargetPlatform
[2019.05.09-14.38.26:299][  0]LogTemp: Display: Loaded TP LuminTargetPlatform
[2019.05.09-14.38.26:300][  0]LogTargetPlatformManager: Display: Building Assets For Windows
[2019.05.09-14.38.26:381][  0]LogShaderCompilers: Guid format shader working directory is 19 characters bigger than the processId version (D:/UE4_Projects/UE4Projects/Intermediate/Shaders/WorkingDirectory/4252/).
[2019.05.09-14.38.26:381][  0]LogShaderCompilers: Cleaned the shader compiler working directory 'C:/Users/marim/AppData/Local/Temp/UnrealShaderWorkingDir/55DBBC474F3C93CDDB35118C5FD27C06/'.
[2019.05.09-14.38.26:384][  0]LogXGEController: Cleaning working directory: C:/Users/marim/AppData/Local/Temp/UnrealXGEWorkingDir/
[2019.05.09-14.38.26:384][  0]LogXGEController: Cannot use XGE Controller as Incredibuild is not installed on this machine.
[2019.05.09-14.38.26:384][  0]LogShaderCompilers: Cannot use XGE Shader Compiler as Incredibuild is not installed on this machine.
[2019.05.09-14.38.26:384][  0]LogShaderCompilers: Display: Using Local Shader Compiler.
[2019.05.09-14.38.26:990][  0]LogDerivedDataCache: Display: Max Cache Size: 512 MB
[2019.05.09-14.38.27:049][  0]LogDerivedDataCache: Loaded boot cache 0.06s 79MB C:/Users/marim/AppData/Local/UnrealEngine/4.21/DerivedDataCache/Boot.ddc.
[2019.05.09-14.38.27:049][  0]LogDerivedDataCache: Display: Loaded Boot cache: C:/Users/marim/AppData/Local/UnrealEngine/4.21/DerivedDataCache/Boot.ddc
[2019.05.09-14.38.27:049][  0]LogDerivedDataCache: FDerivedDataBackendGraph:  Pak pak cache file D:/UE4_Projects/UE4Projects/DerivedDataCache/DDC.ddp not found, will not use a pak cache.
[2019.05.09-14.38.27:049][  0]LogDerivedDataCache: Unable to find inner node Pak for hierarchical cache Hierarchy.
[2019.05.09-14.38.27:049][  0]LogDerivedDataCache: FDerivedDataBackendGraph:  CompressedPak pak cache file D:/UE4_Projects/UE4Projects/DerivedDataCache/Compressed.ddp not found, will not use a pak cache.
[2019.05.09-14.38.27:050][  0]LogDerivedDataCache: Unable to find inner node CompressedPak for hierarchical cache Hierarchy.
[2019.05.09-14.38.27:065][  0]LogDerivedDataCache: Display: Pak cache opened for reading ../../../Engine/DerivedDataCache/Compressed.ddp.
[2019.05.09-14.38.27:065][  0]LogDerivedDataCache: FDerivedDataBackendGraph:  EnterprisePak pak cache file ../../../Enterprise/DerivedDataCache/Compressed.ddp not found, will not use a pak cache.
[2019.05.09-14.38.27:065][  0]LogDerivedDataCache: Unable to find inner node EnterprisePak for hierarchical cache Hierarchy.
[2019.05.09-14.38.27:080][  0]LogDerivedDataCache: Using Local data cache path C:/Users/marim/AppData/Local/UnrealEngine/Common/DerivedDataCache: Writable
[2019.05.09-14.38.27:080][  0]LogDerivedDataCache: Shared data cache path not found in *engine.ini, will not use an Shared cache.
[2019.05.09-14.38.27:080][  0]LogDerivedDataCache: Unable to find inner node Shared for hierarchical cache Hierarchy.
[2019.05.09-14.38.27:104][  0]LogMaterial: Verifying Global Shaders for PCD3D_SM5
[2019.05.09-14.38.27:106][  0]LogSlate: Using FreeType 2.6.0
[2019.05.09-14.38.27:109][  0]LogSlate: SlateFontServices - WITH_FREETYPE: 1, WITH_HARFBUZZ: 1
[2019.05.09-14.38.27:251][  0]LogAssetRegistry: FAssetRegistry took 0.0335 seconds to start up
[2019.05.09-14.38.27:579][  0]LogInit: Selected Device Profile: [Windows]
[2019.05.09-14.38.27:746][  0]LogSimplygon: Simplygon DLL not present - disabling.
[2019.05.09-14.38.27:751][  0]LogMeshReduction: Using SimplygonSwarm for distributed automatic mesh merging
[2019.05.09-14.38.27:751][  0]LogMeshReduction: Using ProxyLODMeshReduction for automatic mesh merging
[2019.05.09-14.38.27:751][  0]LogMeshReduction: Using QuadricMeshReduction for automatic static mesh reduction
[2019.05.09-14.38.27:751][  0]LogMeshReduction: No automatic skeletal mesh reduction module available
[2019.05.09-14.38.27:772][  0]LogNetVersion: MorphWidget 1.0.0, NetCL: 4541578, EngineNetVer: 5, GameNetVer: 0 (Checksum: 948575244)
[2019.05.09-14.38.28:416][  0]LogPackageLocalizationCache: Processed 13 localized package path(s) for 2 prioritized culture(s) in 0.183386 seconds
[2019.05.09-14.38.28:423][  0]LogUObjectArray: 39776 objects as part of root set at end of initial load.
[2019.05.09-14.38.28:423][  0]LogUObjectAllocator: 6914888 out of 0 bytes used by permanent object pool.
[2019.05.09-14.38.28:424][  0]LogUObjectArray: CloseDisregardForGC: 0/0 objects in disregard for GC pool
[2019.05.09-14.38.29:898][  0]LogTcpMessaging: Initializing TcpMessaging bridge
[2019.05.09-14.38.29:913][  0]LogUdpMessaging: Initializing bridge on interface 0.0.0.0:0 to multicast group 230.0.0.1:6666.
[2019.05.09-14.38.31:095][  0]SourceControl: Source control is disabled
[2019.05.09-14.38.31:095][  0]SourceControl: Source control is disabled
[2019.05.09-14.38.31:097][  0]SourceControl: Source control is disabled
[2019.05.09-14.38.31:099][  0]SourceControl: Source control is disabled
[2019.05.09-14.38.31:288][  0]LogAndroidPermission: UAndroidPermissionCallbackProxy::GetInstance
[2019.05.09-14.38.31:342][  0]LogHoudiniEngine: Starting the Houdini Engine module.
[2019.05.09-14.38.31:343][  0]LogHoudiniEngine: Loaded libHAPIL.dll from Registry path C:/Program Files/Side Effects Software/Houdini 17.0.416/bin
[2019.05.09-14.38.31:344][  0]LogLinker: Warning: Asset '../../Plugins/Runtime/HoudiniEngine/Content/houdini_logo.uasset' has been saved with empty engine version. The asset will be loaded but may be incompatible.
[2019.05.09-14.38.31:348][  0]LogLinker: Warning: Asset '../../Plugins/Runtime/HoudiniEngine/Content/houdini_default_material.uasset' has been saved with empty engine version. The asset will be loaded but may be incompatible.
[2019.05.09-14.38.31:354][  0]LogLinker: Warning: Asset '../../Plugins/Runtime/HoudiniEngine/Content/houdini_bgeo_import.uasset' has been saved with empty engine version. The asset will be loaded but may be incompatible.
[2019.05.09-14.38.33:301][  0]LogHoudiniEngine: Successfully intialized the Houdini Engine API module.
[2019.05.09-14.38.33:320][  0]LogOcInput: OculusInput pre-init called
[2019.05.09-14.38.33:468][  0]LogEngine: Initializing Engine...
[2019.05.09-14.38.33:469][  0]LogHMD: Failed to initialize OpenVR with code 110
[2019.05.09-14.38.33:470][  0]LogStats: UGameplayTagsManager::ConstructGameplayTagTree: ImportINI prefixes -  0.000 s
[2019.05.09-14.38.33:470][  0]LogStats: UGameplayTagsManager::ConstructGameplayTagTree: Construct from data asset -  0.000 s
[2019.05.09-14.38.33:471][  0]LogStats: UGameplayTagsManager::ConstructGameplayTagTree: ImportINI -  0.000 s
[2019.05.09-14.38.33:471][  0]LogStats: UGameplayTagsManager::ConstructGameplayTagTree: GameplayTagTreeChangedEvent.Broadcast -  0.000 s
[2019.05.09-14.38.33:739][  0]LogInit: Initializing FReadOnlyCVARCache
[2019.05.09-14.38.33:757][  0]LogAIModule: Creating AISystem for world Untitled
[2019.05.09-14.38.33:764][  0]LogInit: XAudio2 using 'Speaker/Headphone (Realtek High Definition Audio)' : 2 channels at 48 kHz using 32 bits per sample (channel mask 0x3)
[2019.05.09-14.38.34:507][  0]LogInit: FAudioDevice initialized.
[2019.05.09-14.38.34:508][  0]LogNetVersion: Set ProjectVersion to 1.0.0.0. Version Checksum will be recalculated on next use.
[2019.05.09-14.38.34:561][  0]LogDerivedDataCache: Saved boot cache 0.05s 79MB C:/Users/marim/AppData/Local/UnrealEngine/4.21/DerivedDataCache/Boot.ddc.
[2019.05.09-14.38.34:580][  0]LogInit: Texture streaming: Enabled
[2019.05.09-14.38.34:605][  0]LogEngineSessionManager: EngineSessionManager initialized
[2019.05.09-14.38.34:624][  0]LogInit: Transaction tracking system initialized
[2019.05.09-14.38.34:662][  0]BlueprintLog: New page: Editor Load
[2019.05.09-14.38.34:771][  0]LocalizationService: Localization service is disabled
[2019.05.09-14.38.35:315][  0]LogFileCache: Scanning file cache for directory 'D:/UE4_Projects/UE4Projects/Content/' took 0.01s
[2019.05.09-14.38.35:315][  0]LogCook: Display: Max memory allowance for cook 16384mb min free memory 0mb
[2019.05.09-14.38.35:316][  0]LogCook: Display: Mobile HDR setting 1
[2019.05.09-14.38.35:316][  0]LogGameplayTags: Display: UGameplayTagsManager::DoneAddingNativeTags. DelegateIsBound: 0
[2019.05.09-14.38.35:316][  0]LogStats: UGameplayTagsManager::ConstructGameplayTagTree: ImportINI prefixes -  0.000 s
[2019.05.09-14.38.35:316][  0]LogStats: UGameplayTagsManager::ConstructGameplayTagTree: Construct from data asset -  0.000 s
[2019.05.09-14.38.35:316][  0]LogStats: UGameplayTagsManager::ConstructGameplayTagTree: ImportINI -  0.000 s
[2019.05.09-14.38.35:316][  0]LogStats: UGameplayTagsManager::ConstructGameplayTagTree: GameplayTagTreeChangedEvent.Broadcast -  0.000 s
[2019.05.09-14.38.35:434][  0]LogHoudiniEngineEditor: Starting the Houdini Engine Editor module.
[2019.05.09-14.38.35:436][  0]LogHoudiniEngineEditor: Houdini Engine Editor module startup complete.
[2019.05.09-14.38.35:489][  0]SourceControl: Source control is disabled
[2019.05.09-14.38.35:489][  0]Cmd: MAP LOAD FILE="../../../Engine/Content/Maps/Templates/Template_Default.umap" TEMPLATE=1 SHOWPROGRESS=1 FEATURELEVEL=3
[2019.05.09-14.38.35:490][  0]LightingResults: New page: Lighting Build
[2019.05.09-14.38.35:493][  0]MapCheck: New page: Map Check
[2019.05.09-14.38.35:494][  0]LightingResults: New page: Lighting Build
[2019.05.09-14.38.35:663][  0]LogAIModule: Creating AISystem for world Untitled_1
[2019.05.09-14.38.35:670][  0]LogEditorServer: Finished looking for orphan Actors (0.000 secs)
[2019.05.09-14.38.35:694][  0]Cmd: MAP CHECKDEP NOCLEARLOG
[2019.05.09-14.38.35:695][  0]MapCheck: Map check complete: 0 Error(s), 0 Warning(s), took 0.163ms to complete.
[2019.05.09-14.38.35:695][  0]LogFileHelpers: Loading map 'Template_Default' took 0.206
[2019.05.09-14.38.35:792][  0]LogSlate: Updating window title bar state: overlay mode, drag disabled, window buttons hidden, title bar hidden
[2019.05.09-14.38.35:800][  0]LogSlate: Updating window title bar state: overlay mode, drag disabled, window buttons hidden, title bar hidden
[2019.05.09-14.38.35:808][  0]LogSlate: Updating window title bar state: overlay mode, drag disabled, window buttons hidden, title bar hidden
[2019.05.09-14.38.35:815][  0]LogSlate: Updating window title bar state: overlay mode, drag disabled, window buttons hidden, title bar hidden
[2019.05.09-14.38.35:823][  0]LogCollectionManager: Loaded 0 collections in 0.001671 seconds
[2019.05.09-14.38.35:840][  0]LogFileCache: Scanning file cache for directory 'D:/UE4_Projects/UE4Projects/Saved/Collections/' took 0.01s
[2019.05.09-14.38.35:840][  0]LogFileCache: Scanning file cache for directory 'D:/UE4_Projects/UE4Projects/Content/Developers/marim/Collections/' took 0.00s
[2019.05.09-14.38.35:841][  0]LogFileCache: Scanning file cache for directory 'D:/UE4_Projects/UE4Projects/Content/Collections/' took 0.00s
[2019.05.09-14.38.35:841][  0]LogCollectionManager: Rebuilt the GUID cache for 0 collections in 0.000000 seconds
[2019.05.09-14.38.35:849][  0]LogContentBrowser: Native class hierarchy populated in 0.0089 seconds. Added 2690 classes and 630 folders.
[2019.05.09-14.38.35:858][  0]LogContentBrowser: Native class hierarchy updated for 'WidgetCarousel' in 0.0002 seconds. Added 0 classes and 0 folders.
[2019.05.09-14.38.35:863][  0]LogPakFile: Registered encryption key '00000000000000000000000000000000': 0 pak files mounted, 0 remain pending
[2019.05.09-14.38.35:864][  0]LogPakFile: Registered encryption key '00000000000000000000000000000000': 0 pak files mounted, 0 remain pending
[2019.05.09-14.38.35:865][  0]LogPakFile: Registered encryption key '00000000000000000000000000000000': 0 pak files mounted, 0 remain pending
[2019.05.09-14.38.35:866][  0]LogPakFile: Registered encryption key '00000000000000000000000000000000': 0 pak files mounted, 0 remain pending
[2019.05.09-14.38.35:867][  0]LogPakFile: Registered encryption key '00000000000000000000000000000000': 0 pak files mounted, 0 remain pending
[2019.05.09-14.38.35:868][  0]LogPakFile: Registered encryption key '00000000000000000000000000000000': 0 pak files mounted, 0 remain pending
[2019.05.09-14.38.35:869][  0]LogPakFile: Registered encryption key '00000000000000000000000000000000': 0 pak files mounted, 0 remain pending
[2019.05.09-14.38.35:870][  0]LogPakFile: Registered encryption key '00000000000000000000000000000000': 0 pak files mounted, 0 remain pending
[2019.05.09-14.38.35:871][  0]LogPakFile: Registered encryption key '00000000000000000000000000000000': 0 pak files mounted, 0 remain pending
[2019.05.09-14.38.35:872][  0]LogPakFile: Registered encryption key '00000000000000000000000000000000': 0 pak files mounted, 0 remain pending
[2019.05.09-14.38.35:873][  0]LogPakFile: Registered encryption key '00000000000000000000000000000000': 0 pak files mounted, 0 remain pending
[2019.05.09-14.38.35:874][  0]LogPakFile: Registered encryption key '00000000000000000000000000000000': 0 pak files mounted, 0 remain pending
[2019.05.09-14.38.35:875][  0]LogPakFile: Registered encryption key '00000000000000000000000000000000': 0 pak files mounted, 0 remain pending
[2019.05.09-14.38.35:876][  0]LogPakFile: Registered encryption key '00000000000000000000000000000000': 0 pak files mounted, 0 remain pending
[2019.05.09-14.38.35:877][  0]LogPakFile: Registered encryption key '00000000000000000000000000000000': 0 pak files mounted, 0 remain pending
[2019.05.09-14.38.35:878][  0]LogPakFile: Registered encryption key '00000000000000000000000000000000': 0 pak files mounted, 0 remain pending
[2019.05.09-14.38.35:879][  0]LogPakFile: Registered encryption key '00000000000000000000000000000000': 0 pak files mounted, 0 remain pending
[2019.05.09-14.38.35:880][  0]LogPakFile: Registered encryption key '00000000000000000000000000000000': 0 pak files mounted, 0 remain pending
[2019.05.09-14.38.35:881][  0]LogPakFile: Registered encryption key '00000000000000000000000000000000': 0 pak files mounted, 0 remain pending
[2019.05.09-14.38.35:882][  0]LogPakFile: Registered encryption key '00000000000000000000000000000000': 0 pak files mounted, 0 remain pending
[2019.05.09-14.38.35:883][  0]LogPakFile: Registered encryption key '00000000000000000000000000000000': 0 pak files mounted, 0 remain pending
[2019.05.09-14.38.35:884][  0]LogPakFile: Registered encryption key '00000000000000000000000000000000': 0 pak files mounted, 0 remain pending
[2019.05.09-14.38.35:885][  0]LogPakFile: Registered encryption key '00000000000000000000000000000000': 0 pak files mounted, 0 remain pending
[2019.05.09-14.38.35:886][  0]LogPakFile: Registered encryption key '00000000000000000000000000000000': 0 pak files mounted, 0 remain pending
[2019.05.09-14.38.35:887][  0]LogPakFile: Registered encryption key '00000000000000000000000000000000': 0 pak files mounted, 0 remain pending
[2019.05.09-14.38.35:888][  0]LogPakFile: Registered encryption key '00000000000000000000000000000000': 0 pak files mounted, 0 remain pending
[2019.05.09-14.38.35:935][  0]LogContentBrowser: Native class hierarchy updated for 'AddContentDialog' in 0.0002 seconds. Added 0 classes and 0 folders.
[2019.05.09-14.38.35:941][  0]LogContentBrowser: Native class hierarchy updated for 'SceneOutliner' in 0.0003 seconds. Added 1 classes and 2 folders.
[2019.05.09-14.38.36:055][  0]LogContentBrowser: Native class hierarchy updated for 'HierarchicalLODOutliner' in 0.0002 seconds. Added 0 classes and 0 folders.
[2019.05.09-14.38.36:055][  0]LogLoad: (Engine Initialization) Total time: 13.58 seconds
[2019.05.09-14.38.36:055][  0]LogLoad: (Engine Initialization) Total Blueprint compile time: 0.00 seconds
[2019.05.09-14.38.36:082][  0]LogWindowsTextInputMethodSystem: Display: IME system now activated using TSF (Microsoft IME).
[2019.05.09-14.38.36:156][  0]LogContentStreaming: Texture pool size now 1000 MB
[2019.05.09-14.38.36:159][  0]LogSlate: Took 0.000568 seconds to synchronously load lazily loaded font '../../../Engine/Content/Slate/Fonts/Roboto-Regular.ttf' (155K)
[2019.05.09-14.38.36:162][  0]LogSlate: Took 0.000485 seconds to synchronously load lazily loaded font '../../../Engine/Content/Slate/Fonts/Roboto-Bold.ttf' (160K)
[2019.05.09-14.38.36:164][  0]LogSlate: Took 0.000464 seconds to synchronously load lazily loaded font '../../../Engine/Content/Editor/Slate/Fonts/FontAwesome.ttf' (139K)
[2019.05.09-14.38.36:169][  0]LogSlate: Took 0.000576 seconds to synchronously load lazily loaded font '../../../Engine/Content/Slate/Fonts/Roboto-Light.ttf' (167K)
[2019.05.09-14.38.36:280][  0]LogRenderer: Reallocating scene render targets to support 1044x312 Format 10 NumSamples 1 (Frame:1).
[2019.05.09-14.38.36:370][  1]LogAssetRegistry: Asset discovery search completed in 9.1418 seconds
[2019.05.09-14.38.36:371][  1]LogCollectionManager: Rebuilt the object cache for 0 collections in 0.000001 seconds (found 0 objects)
[2019.05.09-14.38.36:372][  1]LogCollectionManager: Fixed up redirectors for 0 collections in 0.000071 seconds (updated 0 objects)
[2019.05.09-14.38.38:736][109]LogRenderer: Reallocating scene render targets to support 1568x500 Format 10 NumSamples 1 (Frame:110).
[2019.05.09-14.38.41:217][256]LogSlate: FSceneViewport::OnFocusLost() reason 2
[2019.05.09-14.38.43:249][378]LogSlate: FSceneViewport::OnFocusLost() reason 2
[2019.05.09-14.39.01:789][415]LogSlate: Window 'Message' being destroyed
[2019.05.09-14.39.03:091][493]LogSlate: FSceneViewport::OnFocusLost() reason 0
[2019.05.09-14.39.03:175][499]Cmd: CLOSE_SLATE_MAINFRAME
[2019.05.09-14.39.03:248][499]LogSlate: Window 'Plugins' being destroyed
[2019.05.09-14.39.03:253][499]LogDirectoryWatcher: A directory notification for '../../../Engine/Plugins/' was aborted.
[2019.05.09-14.39.03:253][499]LogDirectoryWatcher: A directory notification for 'D:/UE4_Projects/UE4Projects/Plugins/' was aborted.
[2019.05.09-14.39.03:254][499]LogSlate: Window 'MorphWidget - Unreal Editor' being destroyed
[2019.05.09-14.39.03:258][499]LogWindowsTextInputMethodSystem: Display: IME system now activated using TSF (Microsoft IME).
[2019.05.09-14.39.03:510][500]Cmd: QUIT_EDITOR
[2019.05.09-14.39.03:573][500]LogExit: Preparing to exit.
[2019.05.09-14.39.03:984][500]LogExit: Editor shut down
[2019.05.09-14.39.03:985][500]LogExit: Transaction tracking system shut down
[2019.05.09-14.39.04:246][500]LogExit: Object subsystem successfully closed.
[2019.05.09-14.39.04:348][500]LogShaderCompilers: Display: Shaders left to compile 0
[2019.05.09-14.39.04:353][500]LogD3D11RHI: Shutdown
[2019.05.09-14.39.04:353][500]LogD3D11RHI: CleanupD3DDevice
[2019.05.09-14.39.04:361][500]LogD3D11RHI: ~FD3D11DynamicRHI
[2019.05.09-14.39.04:394][500]LogModuleManager: Shutting down and abandoning module HierarchicalLODOutliner (630)
[2019.05.09-14.39.04:394][500]LogModuleManager: Shutting down and abandoning module SceneOutliner (628)
[2019.05.09-14.39.04:394][500]LogModuleManager: Shutting down and abandoning module AddContentDialog (626)
[2019.05.09-14.39.04:395][500]LogModuleManager: Shutting down and abandoning module WidgetCarousel (625)
[2019.05.09-14.39.04:395][500]LogModuleManager: Shutting down and abandoning module EditorWidgets (622)
[2019.05.09-14.39.04:395][500]LogModuleManager: Shutting down and abandoning module CollectionManager (620)
[2019.05.09-14.39.04:395][500]LogModuleManager: Shutting down and abandoning module HierarchicalLODUtilities (618)
[2019.05.09-14.39.04:395][500]LogModuleManager: Shutting down and abandoning module StatsViewer (616)
[2019.05.09-14.39.04:395][500]LogModuleManager: Shutting down and abandoning module FoliageEdit (614)
[2019.05.09-14.39.04:395][500]LogModuleManager: Shutting down and abandoning module LandscapeEditor (612)
[2019.05.09-14.39.04:395][500]LogModuleManager: Shutting down and abandoning module MeshPaintMode (610)
[2019.05.09-14.39.04:395][500]LogModuleManager: Shutting down and abandoning module SceneDepthPickerMode (608)
[2019.05.09-14.39.04:395][500]LogModuleManager: Shutting down and abandoning module ActorPickerMode (606)
[2019.05.09-14.39.04:395][500]LogModuleManager: Shutting down and abandoning module GeometryMode (604)
[2019.05.09-14.39.04:395][500]LogModuleManager: Shutting down and abandoning module TextureAlignMode (602)
[2019.05.09-14.39.04:395][500]LogModuleManager: Shutting down and abandoning module BspMode (600)
[2019.05.09-14.39.04:395][500]LogModuleManager: Shutting down and abandoning module PIEPreviewDeviceProfileSelector (598)
[2019.05.09-14.39.04:395][500]LogModuleManager: Shutting down and abandoning module SequenceRecorderSections (596)
[2019.05.09-14.39.04:395][500]LogModuleManager: Shutting down and abandoning module AutomationWorker (594)
[2019.05.09-14.39.04:395][500]LogModuleManager: Shutting down and abandoning module HoudiniEngineEditor (592)
[2019.05.09-14.39.04:395][500]LogHoudiniEngineEditor: Shutting down the Houdini Engine Editor module.
[2019.05.09-14.39.04:395][500]LogHoudiniEngineEditor: Houdini Engine Editor module shutdown complete.
[2019.05.09-14.39.04:395][500]LogModuleManager: Shutting down and abandoning module AudioCaptureEditor (590)
[2019.05.09-14.39.04:395][500]LogModuleManager: Shutting down and abandoning module MatineeToLevelSequence (588)
[2019.05.09-14.39.04:395][500]LogModuleManager: Shutting down and abandoning module LevelSequenceEditor (586)
[2019.05.09-14.39.04:396][500]LogModuleManager: Shutting down and abandoning module PlacementMode (585)
[2019.05.09-14.39.04:396][500]LogModuleManager: Shutting down and abandoning module MaterialEditor (584)
[2019.05.09-14.39.04:396][500]LogModuleManager: Shutting down and abandoning module WmfMediaFactory (580)
[2019.05.09-14.39.04:396][500]LogModuleManager: Shutting down and abandoning module WmfMediaEditor (578)
[2019.05.09-14.39.04:396][500]LogModuleManager: Shutting down and abandoning module WebMMediaFactory (576)
[2019.05.09-14.39.04:396][500]LogModuleManager: Shutting down and abandoning module WebMMediaEditor (574)
[2019.05.09-14.39.04:396][500]LogModuleManager: Shutting down and abandoning module WebMMedia (572)
[2019.05.09-14.39.04:396][500]LogModuleManager: Shutting down and abandoning module MediaPlayerEditor (570)
[2019.05.09-14.39.04:396][500]LogModuleManager: Shutting down and abandoning module MediaCompositingEditor (568)
[2019.05.09-14.39.04:396][500]LogModuleManager: Shutting down and abandoning module SequenceRecorder (567)
[2019.05.09-14.39.04:396][500]LogModuleManager: Shutting down and abandoning module OpenExrWrapper (564)
[2019.05.09-14.39.04:396][500]LogModuleManager: Shutting down and abandoning module ImgMediaFactory (562)
[2019.05.09-14.39.04:396][500]LogModuleManager: Shutting down and abandoning module ImgMediaEditor (560)
[2019.05.09-14.39.04:396][500]LogModuleManager: Shutting down and abandoning module AvfMediaFactory (558)
[2019.05.09-14.39.04:396][500]LogModuleManager: Shutting down and abandoning module AvfMediaEditor (556)
[2019.05.09-14.39.04:396][500]LogModuleManager: Shutting down and abandoning module AndroidMediaFactory (554)
[2019.05.09-14.39.04:396][500]LogModuleManager: Shutting down and abandoning module AndroidMediaEditor (552)
[2019.05.09-14.39.04:396][500]LogModuleManager: Shutting down and abandoning module MagicLeapCameraPreviewFactory (550)
[2019.05.09-14.39.04:396][500]LogModuleManager: Shutting down and abandoning module MagicLeapMediaFactory (548)
[2019.05.09-14.39.04:396][500]LogModuleManager: Shutting down and abandoning module MagicLeapMediaEditor (546)
[2019.05.09-14.39.04:396][500]LogModuleManager: Shutting down and abandoning module CharacterAI (544)
[2019.05.09-14.39.04:396][500]LogModuleManager: Shutting down and abandoning module SmartSnapping (542)
[2019.05.09-14.39.04:396][500]LogModuleManager: Shutting down and abandoning module SessionServices (540)
[2019.05.09-14.39.04:396][500]LogModuleManager: Shutting down and abandoning module ViewportSnapping (538)
[2019.05.09-14.39.04:396][500]LogModuleManager: Shutting down and abandoning module ViewportInteraction (536)
[2019.05.09-14.39.04:396][500]LogModuleManager: Shutting down and abandoning module ClothPainter (534)
[2019.05.09-14.39.04:396][500]LogModuleManager: Shutting down and abandoning module SkeletalMeshEditor (533)
[2019.05.09-14.39.04:396][500]LogModuleManager: Shutting down and abandoning module LogVisualizer (530)
[2019.05.09-14.39.04:396][500]LogModuleManager: Shutting down and abandoning module IntroTutorials (528)
[2019.05.09-14.39.04:396][500]LogModuleManager: Shutting down and abandoning module GameProjectGeneration (527)
[2019.05.09-14.39.04:396][500]LogModuleManager: Shutting down and abandoning module LuminPlatformEditor (524)
[2019.05.09-14.39.04:396][500]LogModuleManager: Shutting down and abandoning module IOSPlatformEditor (522)
[2019.05.09-14.39.04:396][500]LogModuleManager: Shutting down and abandoning module HTML5PlatformEditor (520)
[2019.05.09-14.39.04:396][500]LogModuleManager: Shutting down and abandoning module AndroidPlatformEditor (518)
[2019.05.09-14.39.04:396][500]LogModuleManager: Shutting down and abandoning module AndroidDeviceDetection (517)
[2019.05.09-14.39.05:023][500]LogModuleManager: Shutting down and abandoning module WindowsPlatformEditor (514)
[2019.05.09-14.39.05:023][500]LogModuleManager: Shutting down and abandoning module LuminRuntimeSettings (512)
[2019.05.09-14.39.05:023][500]LogModuleManager: Shutting down and abandoning module IOSRuntimeSettings (510)
[2019.05.09-14.39.05:023][500]LogModuleManager: Shutting down and abandoning module AndroidRuntimeSettings (508)
[2019.05.09-14.39.05:023][500]LogModuleManager: Shutting down and abandoning module TimeManagementEditor (506)
[2019.05.09-14.39.05:023][500]LogModuleManager: Shutting down and abandoning module InputBindingEditor (504)
[2019.05.09-14.39.05:024][500]LogModuleManager: Shutting down and abandoning module MergeActors (502)
[2019.05.09-14.39.05:024][500]LogModuleManager: Shutting down and abandoning module LocalizationDashboard (500)
[2019.05.09-14.39.05:024][500]LogModuleManager: Shutting down and abandoning module LocalizationService (499)
[2019.05.09-14.39.05:024][500]LogModuleManager: Shutting down and abandoning module HardwareTargeting (496)
[2019.05.09-14.39.05:024][500]LogModuleManager: Shutting down and abandoning module DeviceProfileEditor (494)
[2019.05.09-14.39.05:024][500]LogModuleManager: Shutting down and abandoning module UndoHistory (492)
[2019.05.09-14.39.05:024][500]LogModuleManager: Shutting down and abandoning module XmlParser (490)
[2019.05.09-14.39.05:024][500]LogModuleManager: Shutting down and abandoning module Blutility (488)
[2019.05.09-14.39.05:024][500]LogModuleManager: Shutting down and abandoning module ProjectSettingsViewer (486)
[2019.05.09-14.39.05:024][500]LogModuleManager: Shutting down and abandoning module ProjectTargetPlatformEditor (485)
[2019.05.09-14.39.05:024][500]LogModuleManager: Shutting down and abandoning module EditorSettingsViewer (482)
[2019.05.09-14.39.05:024][500]LogModuleManager: Shutting down and abandoning module SettingsEditor (480)
[2019.05.09-14.39.05:024][500]LogModuleManager: Shutting down and abandoning module ProjectLauncher (478)
[2019.05.09-14.39.05:024][500]LogModuleManager: Shutting down and abandoning module SessionFrontend (476)
[2019.05.09-14.39.05:024][500]LogModuleManager: Shutting down and abandoning module ProfilerClient (474)
[2019.05.09-14.39.05:024][500]LogModuleManager: Shutting down and abandoning module DeviceManager (472)
[2019.05.09-14.39.05:024][500]LogModuleManager: Shutting down and abandoning module TargetDeviceServices (471)
[2019.05.09-14.39.05:079][500]LogModuleManager: Shutting down and abandoning module AutomationController (468)
[2019.05.09-14.39.05:079][500]LogModuleManager: Shutting down and abandoning module AutomationWindow (466)
[2019.05.09-14.39.05:079][500]LogModuleManager: Shutting down and abandoning module Layers (464)
[2019.05.09-14.39.05:079][500]LogModuleManager: Shutting down and abandoning module ComponentVisualizers (462)
[2019.05.09-14.39.05:079][500]LogModuleManager: Shutting down and abandoning module DetailCustomizations (460)
[2019.05.09-14.39.05:079][500]LogModuleManager: Shutting down and abandoning module PackagesDialog (458)
[2019.05.09-14.39.05:079][500]LogModuleManager: Shutting down and abandoning module Persona (456)
[2019.05.09-14.39.05:079][500]LogModuleManager: Shutting down and abandoning module AdvancedPreviewScene (455)
[2019.05.09-14.39.05:079][500]LogModuleManager: Shutting down and abandoning module AnimGraph (453)
[2019.05.09-14.39.05:079][500]LogModuleManager: Shutting down and abandoning module Kismet (450)
[2019.05.09-14.39.05:079][500]LogModuleManager: Shutting down and abandoning module GraphEditor (448)
[2019.05.09-14.39.05:079][500]LogModuleManager: Shutting down and abandoning module ClassViewer (446)
[2019.05.09-14.39.05:079][500]LogModuleManager: Shutting down and abandoning module Toolbox (444)
[2019.05.09-14.39.05:079][500]LogModuleManager: Shutting down and abandoning module ModuleUI (442)
[2019.05.09-14.39.05:079][500]LogModuleManager: Shutting down and abandoning module MovieSceneTools (440)
[2019.05.09-14.39.05:079][500]LogModuleManager: Shutting down and abandoning module OutputLog (438)
[2019.05.09-14.39.05:079][500]LogModuleManager: Shutting down and abandoning module GammaUI (436)
[2019.05.09-14.39.05:079][500]LogModuleManager: Shutting down and abandoning module Documentation (434)
[2019.05.09-14.39.05:079][500]LogModuleManager: Shutting down and abandoning module MovieSceneTracks (432)
[2019.05.09-14.39.05:079][500]LogModuleManager: Shutting down and abandoning module MovieScene (430)
[2019.05.09-14.39.05:079][500]LogModuleManager: Shutting down and abandoning module StreamingPauseRendering (428)
[2019.05.09-14.39.05:079][500]LogModuleManager: Shutting down and abandoning module LauncherPlatform (426)
[2019.05.09-14.39.05:079][500]LogModuleManager: Shutting down and abandoning module AnalyticsET (424)
[2019.05.09-14.39.05:079][500]LogModuleManager: Shutting down and abandoning module PortalServices (422)
[2019.05.09-14.39.05:079][500]LogModuleManager: Shutting down and abandoning module PortalRpc (420)
[2019.05.09-14.39.05:079][500]LogModuleManager: Shutting down and abandoning module MessagingRpc (418)
[2019.05.09-14.39.05:079][500]LogModuleManager: Shutting down and abandoning module AIModule (416)
[2019.05.09-14.39.05:079][500]LogModuleManager: Shutting down and abandoning module GameplayDebugger (415)
[2019.05.09-14.39.05:079][500]LogModuleManager: Shutting down and abandoning module AITestSuite (413)
[2019.05.09-14.39.05:079][500]LogModuleManager: Shutting down and abandoning module NavigationSystem (411)
[2019.05.09-14.39.05:079][500]LogModuleManager: Shutting down and abandoning module DesktopPlatform (408)
[2019.05.09-14.39.05:079][500]LogModuleManager: Shutting down and abandoning module ImageWriteQueue (406)
[2019.05.09-14.39.05:082][500]LogModuleManager: Shutting down and abandoning module ProfilerService (404)
[2019.05.09-14.39.05:144][500]LogModuleManager: Shutting down and abandoning module TaskGraph (402)
[2019.05.09-14.39.05:144][500]LogModuleManager: Shutting down and abandoning module SteamVRController (400)
[2019.05.09-14.39.05:144][500]LogModuleManager: Shutting down and abandoning module ProceduralMeshComponentEditor (398)
[2019.05.09-14.39.05:144][500]LogModuleManager: Shutting down and abandoning module ProceduralMeshComponent (396)
[2019.05.09-14.39.05:144][500]LogModuleManager: Shutting down and abandoning module OculusInput (394)
[2019.05.09-14.39.05:144][500]LogModuleManager: Shutting down and abandoning module MobilePatchingUtils (392)
[2019.05.09-14.39.05:145][500]LogModuleManager: Shutting down and abandoning module HoudiniEngineRuntime (390)
[2019.05.09-14.39.05:145][500]LogHoudiniEngine: Shutting down the Houdini Engine module.
[2019.05.09-14.39.05:147][500]LogModuleManager: Shutting down and abandoning module EditableMesh (388)
[2019.05.09-14.39.05:147][500]LogModuleManager: Shutting down and abandoning module CustomMeshComponent (386)
[2019.05.09-14.39.05:147][500]LogModuleManager: Shutting down and abandoning module CableComponent (384)
[2019.05.09-14.39.05:147][500]LogModuleManager: Shutting down and abandoning module AudioCapture (382)
[2019.05.09-14.39.05:147][500]LogModuleManager: Shutting down and abandoning module ArchVisCharacter (380)
[2019.05.09-14.39.05:148][500]LogModuleManager: Shutting down and abandoning module AndroidPermission (378)
[2019.05.09-14.39.05:148][500]LogModuleManager: Shutting down and abandoning module NUTUnrealEngine4 (376)
[2019.05.09-14.39.05:148][500]LogModuleManager: Shutting down and abandoning module NetcodeUnitTest (374)
[2019.05.09-14.39.05:148][500]LogModuleManager: Shutting down and abandoning module MediaCompositing (372)
[2019.05.09-14.39.05:148][500]LogModuleManager: Shutting down and abandoning module LinearTimecode (370)
[2019.05.09-14.39.05:148][500]LogModuleManager: Shutting down and abandoning module ImgMedia (368)
[2019.05.09-14.39.05:152][500]LogModuleManager: Shutting down and abandoning module HTML5Networking (366)
[2019.05.09-14.39.05:152][500]LogModuleManager: Shutting down and abandoning module GeometryCacheTracks (364)
[2019.05.09-14.39.05:152][500]LogModuleManager: Shutting down and abandoning module GeometryCacheSequencer (362)
[2019.05.09-14.39.05:152][500]LogModuleManager: Shutting down and abandoning module BackChannel (360)
[2019.05.09-14.39.05:152][500]LogModuleManager: Shutting down and abandoning module AppleVision (358)
[2019.05.09-14.39.05:152][500]LogModuleManager: Shutting down and abandoning module AppleImageUtilsBlueprintSupport (356)
[2019.05.09-14.39.05:153][500]LogModuleManager: Shutting down and abandoning module AppleImageUtils (354)
[2019.05.09-14.39.05:153][500]LogModuleManager: Shutting down and abandoning module AlembicImporter (352)
[2019.05.09-14.39.05:153][500]LogModuleManager: Shutting down and abandoning module AlembicLibrary (351)
[2019.05.09-14.39.05:153][500]LogModuleManager: Shutting down and abandoning module GeometryCache (350)
[2019.05.09-14.39.05:153][500]LogModuleManager: Shutting down and abandoning module GeometryCacheEd (349)
[2019.05.09-14.39.05:153][500]LogModuleManager: Shutting down and abandoning module VariantManagerContent (344)
[2019.05.09-14.39.05:153][500]LogModuleManager: Shutting down and abandoning module DatasmithContentEditor (342)
[2019.05.09-14.39.05:153][500]LogModuleManager: Shutting down and abandoning module SpeedTreeImporter (340)
[2019.05.09-14.39.05:153][500]LogModuleManager: Shutting down and abandoning module PluginBrowser (338)
[2019.05.09-14.39.05:153][500]LogModuleManager: Shutting down and abandoning module MobileLauncherProfileWizard (336)
[2019.05.09-14.39.05:153][500]LogModuleManager: Shutting down and abandoning module PolygonModeling (334)
[2019.05.09-14.39.05:153][500]LogModuleManager: Shutting down and abandoning module MeshEditor (332)
[2019.05.09-14.39.05:153][500]LogModuleManager: Shutting down and abandoning module CryptoKeysOpenSSL (330)
[2019.05.09-14.39.05:153][500]LogModuleManager: Shutting down and abandoning module CryptoKeys (328)
[2019.05.09-14.39.05:153][500]LogModuleManager: Shutting down and abandoning module VisualStudioSourceCodeAccess (326)
[2019.05.09-14.39.05:153][500]LogModuleManager: Shutting down and abandoning module VisualStudioCodeSourceCodeAccess (324)
[2019.05.09-14.39.05:153][500]LogModuleManager: Shutting down and abandoning module UObjectPlugin (322)
[2019.05.09-14.39.05:153][500]LogModuleManager: Shutting down and abandoning module SubversionSourceControl (320)
[2019.05.09-14.39.05:153][500]LogModuleManager: Shutting down and abandoning module PerforceSourceControl (318)
[2019.05.09-14.39.05:153][500]LogModuleManager: Shutting down and abandoning module GitSourceControl (316)
[2019.05.09-14.39.05:153][500]LogModuleManager: Shutting down and abandoning module SourceControl (315)
[2019.05.09-14.39.05:153][500]LogModuleManager: Shutting down and abandoning module CLionSourceCodeAccess (312)
[2019.05.09-14.39.05:153][500]LogModuleManager: Shutting down and abandoning module ActorLayerUtilitiesEditor (310)
[2019.05.09-14.39.05:153][500]LogModuleManager: Shutting down and abandoning module ActorLayerUtilities (308)
[2019.05.09-14.39.05:153][500]LogModuleManager: Shutting down and abandoning module LightPropagationVolumeEditor (306)
[2019.05.09-14.39.05:153][500]LogModuleManager: Shutting down and abandoning module PaperTiledImporter (304)
[2019.05.09-14.39.05:153][500]LogModuleManager: Shutting down and abandoning module PaperSpriteSheetImporter (302)
[2019.05.09-14.39.05:153][500]LogModuleManager: Shutting down and abandoning module Paper2DEditor (300)
[2019.05.09-14.39.05:153][500]LogModuleManager: Shutting down and abandoning module MeshPaint (299)
[2019.05.09-14.39.05:153][500]LogModuleManager: Shutting down and abandoning module RuntimePhysXCooking (296)
[2019.05.09-14.39.05:153][500]LogModuleManager: Shutting down and abandoning module PhysXVehiclesEditor (294)
[2019.05.09-14.39.05:153][500]LogModuleManager: Shutting down and abandoning module PhysXVehicles (292)
[2019.05.09-14.39.05:153][500]LogModuleManager: Shutting down and abandoning module OculusEditor (290)
[2019.05.09-14.39.05:153][500]LogModuleManager: Shutting down and abandoning module LocationServicesBPLibrary (288)
[2019.05.09-14.39.05:153][500]LogModuleManager: Shutting down and abandoning module ActorSequence (286)
[2019.05.09-14.39.05:153][500]LogModuleManager: Shutting down and abandoning module UdpMessaging (284)
[2019.05.09-14.39.05:255][500]LogModuleManager: Shutting down and abandoning module TcpMessaging (282)
[2019.05.09-14.39.05:355][500]LogModuleManager: Shutting down and abandoning module MagicLeapAudio (280)
[2019.05.09-14.39.05:355][500]LogModuleManager: Shutting down and abandoning module GameplayTagsEditor (278)
[2019.05.09-14.39.05:355][500]LogModuleManager: Shutting down and abandoning module FacialAnimationEditor (276)
[2019.05.09-14.39.05:355][500]LogModuleManager: Shutting down and abandoning module FacialAnimation (274)
[2019.05.09-14.39.05:355][500]LogModuleManager: Shutting down and abandoning module DataValidation (272)
[2019.05.09-14.39.05:355][500]LogModuleManager: Shutting down and abandoning module AssetManagerEditor (270)
[2019.05.09-14.39.05:355][500]LogModuleManager: Shutting down and abandoning module LevelEditor (269)
[2019.05.09-14.39.05:355][500]LogModuleManager: Shutting down and abandoning module PixelInspectorModule (268)
[2019.05.09-14.39.05:355][500]LogModuleManager: Shutting down and abandoning module CommonMenuExtensions (266)
[2019.05.09-14.39.05:355][500]LogModuleManager: Shutting down and abandoning module MainFrame (264)
[2019.05.09-14.39.05:355][500]LogModuleManager: Shutting down and abandoning module HotReload (263)
[2019.05.09-14.39.05:357][500]LogModuleManager: Shutting down and abandoning module ContentBrowser (259)
[2019.05.09-14.39.05:357][500]LogModuleManager: Shutting down and abandoning module TreeMap (257)
[2019.05.09-14.39.05:357][500]LogModuleManager: Shutting down and abandoning module LightPropagationVolumeRuntime (254)
[2019.05.09-14.39.05:358][500]LogModuleManager: Shutting down and abandoning module AISupportModule (252)
[2019.05.09-14.39.05:358][500]LogModuleManager: Shutting down and abandoning module Paper2D (250)
[2019.05.09-14.39.05:358][500]LogModuleManager: Shutting down and abandoning module RenderWidgetToTargetPlugin (248)
[2019.05.09-14.39.05:358][500]LogModuleManager: Shutting down and abandoning module WindowsMoviePlayer (246)
[2019.05.09-14.39.05:358][500]LogModuleManager: Shutting down and abandoning module WebMMoviePlayer (244)
[2019.05.09-14.39.05:358][500]LogModuleManager: Shutting down and abandoning module WmfMedia (242)
[2019.05.09-14.39.05:359][500]LogModuleManager: Shutting down and abandoning module Media (241)
[2019.05.09-14.39.05:366][500]LogModuleManager: Shutting down and abandoning module PacketHandler (238)
[2019.05.09-14.39.05:366][500]LogModuleManager: Shutting down and abandoning module ClothingSystemEditor (236)
[2019.05.09-14.39.05:366][500]LogModuleManager: Shutting down and abandoning module ClothingSystemRuntime (234)
[2019.05.09-14.39.05:366][500]LogModuleManager: Shutting down and abandoning module MediaAssets (232)
[2019.05.09-14.39.05:366][500]LogModuleManager: Shutting down and abandoning module Overlay (230)
[2019.05.09-14.39.05:366][500]LogModuleManager: Shutting down and abandoning module OverlayEditor (229)
[2019.05.09-14.39.05:366][500]LogModuleManager: Shutting down and abandoning module VREditor (226)
[2019.05.09-14.39.05:366][500]LogModuleManager: Shutting down and abandoning module StringTableEditor (224)
[2019.05.09-14.39.05:366][500]LogModuleManager: Shutting down and abandoning module GameplayTasksEditor (222)
[2019.05.09-14.39.05:366][500]LogModuleManager: Shutting down and abandoning module BehaviorTreeEditor (220)
[2019.05.09-14.39.05:366][500]LogModuleManager: Shutting down and abandoning module FunctionalTesting (218)
[2019.05.09-14.39.05:366][500]LogModuleManager: Shutting down and abandoning module CollisionAnalyzer (216)
[2019.05.09-14.39.05:367][500]LogModuleManager: Shutting down and abandoning module WorkspaceMenuStructure (215)
[2019.05.09-14.39.05:367][500]LogModuleManager: Shutting down and abandoning module UMG (212)
[2019.05.09-14.39.05:367][500]LogModuleManager: Shutting down and abandoning module UMGEditor (211)
[2019.05.09-14.39.05:367][500]LogModuleManager: Shutting down and abandoning module Sequencer (210)
[2019.05.09-14.39.05:367][500]LogModuleManager: Shutting down and abandoning module MessageLog (207)
[2019.05.09-14.39.05:367][500]LogModuleManager: Shutting down and abandoning module SlateReflector (202)
[2019.05.09-14.39.05:367][500]LogModuleManager: Shutting down and abandoning module Slate (200)
[2019.05.09-14.39.05:367][500]LogModuleManager: Shutting down and abandoning module EditorStyle (198)
[2019.05.09-14.39.05:368][500]LogModuleManager: Shutting down and abandoning module MRMesh (196)
[2019.05.09-14.39.05:368][500]LogModuleManager: Shutting down and abandoning module SourceCodeAccess (194)
[2019.05.09-14.39.05:368][500]LogModuleManager: Shutting down and abandoning module HeadMountedDisplay (192)
[2019.05.09-14.39.05:368][500]LogModuleManager: Shutting down and abandoning module XAudio2 (190)
[2019.05.09-14.39.05:368][500]LogModuleManager: Shutting down and abandoning module Networking (188)
[2019.05.09-14.39.05:368][500]LogModuleManager: Shutting down and abandoning module Core (186)
[2019.05.09-14.39.05:368][500]LogModuleManager: Shutting down and abandoning module LevelSequence (184)
[2019.05.09-14.39.05:368][500]LogModuleManager: Shutting down and abandoning module KismetCompiler (182)
[2019.05.09-14.39.05:368][500]LogModuleManager: Shutting down and abandoning module MeshUtilities (180)
[2019.05.09-14.39.05:368][500]LogModuleManager: Shutting down and abandoning module MeshMergeUtilities (179)
[2019.05.09-14.39.05:368][500]LogModuleManager: Shutting down and abandoning module MeshReductionInterface (178)
[2019.05.09-14.39.05:368][500]LogModuleManager: Shutting down and abandoning module SimplygonSwarm (177)
[2019.05.09-14.39.05:368][500]LogModuleManager: Shutting down and abandoning module ProxyLODMeshReduction (175)
[2019.05.09-14.39.05:368][500]LogModuleManager: Shutting down and abandoning module SimplygonMeshReduction (173)
[2019.05.09-14.39.05:369][500]LogModuleManager: Shutting down and abandoning module QuadricMeshReduction (171)
[2019.05.09-14.39.05:369][500]LogModuleManager: Shutting down and abandoning module MaterialBaking (167)
[2019.05.09-14.39.05:369][500]LogModuleManager: Shutting down and abandoning module DirectoryWatcher (163)
[2019.05.09-14.39.05:369][500]LogModuleManager: Shutting down and abandoning module DerivedDataCache (160)
[2019.05.09-14.39.05:620][500]LogDerivedDataCache: Shutdown
[2019.05.09-14.39.05:621][500]LogModuleManager: Shutting down and abandoning module XGEController (158)
[2019.05.09-14.39.05:621][500]LogXGEController: Cleaning working directory: C:/Users/marim/AppData/Local/Temp/UnrealXGEWorkingDir/
[2019.05.09-14.39.05:621][500]LogModuleManager: Shutting down and abandoning module TargetPlatform (156)
[2019.05.09-14.39.05:621][500]LogModuleManager: Shutting down and abandoning module VulkanShaderFormat (155)
[2019.05.09-14.39.05:621][500]LogModuleManager: Shutting down and abandoning module ShaderFormatVectorVM (153)
[2019.05.09-14.39.05:621][500]LogModuleManager: Shutting down and abandoning module ShaderFormatOpenGL (151)
[2019.05.09-14.39.05:621][500]LogModuleManager: Shutting down and abandoning module ShaderFormatD3D (149)
[2019.05.09-14.39.05:621][500]LogModuleManager: Shutting down and abandoning module MetalShaderFormat (147)
[2019.05.09-14.39.05:621][500]LogModuleManager: Shutting down and abandoning module TextureFormatUncompressed (145)
[2019.05.09-14.39.05:621][500]LogModuleManager: Shutting down and abandoning module TextureFormatPVR (143)
[2019.05.09-14.39.05:621][500]LogModuleManager: Shutting down and abandoning module TextureFormatDXT (141)
[2019.05.09-14.39.05:621][500]LogModuleManager: Shutting down and abandoning module TextureFormatIntelISPCTexComp (139)
[2019.05.09-14.39.05:621][500]LogModuleManager: Shutting down and abandoning module TextureFormatASTC (137)
[2019.05.09-14.39.05:621][500]LogModuleManager: Shutting down and abandoning module ImageWrapper (136)
[2019.05.09-14.39.05:621][500]LogModuleManager: Shutting down and abandoning module TextureFormatAndroid (133)
[2019.05.09-14.39.05:621][500]LogModuleManager: Shutting down and abandoning module AudioFormatOpus (131)
[2019.05.09-14.39.05:621][500]LogModuleManager: Shutting down and abandoning module AudioFormatOgg (129)
[2019.05.09-14.39.05:621][500]LogModuleManager: Shutting down and abandoning module AudioFormatADPCM (127)
[2019.05.09-14.39.05:621][500]LogModuleManager: Shutting down and abandoning module LuminTargetPlatform (125)
[2019.05.09-14.39.05:621][500]LogModuleManager: Shutting down and abandoning module LinuxTargetPlatform (123)
[2019.05.09-14.39.05:621][500]LogModuleManager: Shutting down and abandoning module LinuxServerTargetPlatform (121)
[2019.05.09-14.39.05:621][500]LogModuleManager: Shutting down and abandoning module LinuxNoEditorTargetPlatform (119)
[2019.05.09-14.39.05:622][500]LogModuleManager: Shutting down and abandoning module LinuxClientTargetPlatform (117)
[2019.05.09-14.39.05:622][500]LogModuleManager: Shutting down and abandoning module TVOSTargetPlatform (115)
[2019.05.09-14.39.05:622][500]LogModuleManager: Shutting down and abandoning module Messaging (113)
[2019.05.09-14.39.05:622][500]LogModuleManager: Shutting down and abandoning module IOSTargetPlatform (111)
[2019.05.09-14.39.05:623][500]LogModuleManager: Shutting down and abandoning module HTML5TargetPlatform (109)
[2019.05.09-14.39.05:623][500]LogModuleManager: Shutting down and abandoning module AndroidTargetPlatform (107)
[2019.05.09-14.39.05:627][500]LogModuleManager: Shutting down and abandoning module WindowsTargetPlatform (105)
[2019.05.09-14.39.05:627][500]LogModuleManager: Shutting down and abandoning module WindowsServerTargetPlatform (103)
[2019.05.09-14.39.05:627][500]LogModuleManager: Shutting down and abandoning module WindowsNoEditorTargetPlatform (101)
[2019.05.09-14.39.05:627][500]LogModuleManager: Shutting down and abandoning module WindowsClientTargetPlatform (99)
[2019.05.09-14.39.05:627][500]LogModuleManager: Shutting down and abandoning module MacTargetPlatform (97)
[2019.05.09-14.39.05:627][500]LogModuleManager: Shutting down and abandoning module MacServerTargetPlatform (95)
[2019.05.09-14.39.05:627][500]LogModuleManager: Shutting down and abandoning module MacNoEditorTargetPlatform (93)
[2019.05.09-14.39.05:627][500]LogModuleManager: Shutting down and abandoning module MacClientTargetPlatform (91)
[2019.05.09-14.39.05:627][500]LogModuleManager: Shutting down and abandoning module AllDesktopTargetPlatform (89)
[2019.05.09-14.39.05:627][500]LogModuleManager: Shutting down and abandoning module InputCore (86)
[2019.05.09-14.39.05:627][500]LogModuleManager: Shutting down and abandoning module Settings (84)
[2019.05.09-14.39.05:627][500]LogModuleManager: Shutting down and abandoning module PhysXCooking (82)
[2019.05.09-14.39.05:627][500]LogModuleManager: Shutting down and abandoning module SteamVR (80)
[2019.05.09-14.39.05:627][500]LogHMD: Freeing OpenVRDLLHandle.
[2019.05.09-14.39.05:628][500]LogModuleManager: Shutting down and abandoning module OculusHMD (78)
[2019.05.09-14.39.05:628][500]LogModuleManager: Shutting down and abandoning module ExampleDeviceProfileSelector (76)
[2019.05.09-14.39.05:628][500]LogModuleManager: Shutting down and abandoning module LauncherChunkInstaller (74)
[2019.05.09-14.39.05:628][500]LogModuleManager: Shutting down and abandoning module OnlineBlueprintSupport (72)
[2019.05.09-14.39.05:628][500]LogModuleManager: Shutting down and abandoning module OnlineSubsystem (68)
[2019.05.09-14.39.05:628][500]LogModuleManager: Shutting down and abandoning module XMPP (63)
[2019.05.09-14.39.05:628][500]LogModuleManager: Shutting down and abandoning module WebSockets (62)
[2019.05.09-14.39.05:660][500]LogModuleManager: Shutting down and abandoning module HTTP (59)
[2019.05.09-14.39.05:660][500]LogHttp: Display: Http module shutting down, but needs to wait on 1 outstanding Http requests:
[2019.05.09-14.39.05:660][500]LogHttp: Display: 	verb=[POST] url=[https://datarouter.ol.epicgames.com/datarouter/api/v1/public/data?SessionID=%7BDD52FC5B-48A4-8057-366D-5BBDCE4EE520%7D&AppID=UEEditor.Rocket.Release&AppVersion=4.21.2-4753647%2B%2B%2BUE4%2BRelease-4.21&UserID=6f8bfd584003a0dce8b13b9d8c1dde7d%7C257e2f2689e64a7bbde09a02c2164047%7C52430c32-27b6-4da3-9590-28b768bbbc3c&AppEnvironment=datacollector-binary&UploadType=eteventstream] status=Processing
[2019.05.09-14.39.05:665][500]LogModuleManager: Shutting down and abandoning module SSL (58)
[2019.05.09-14.39.05:666][500]LogModuleManager: Shutting down and abandoning module MagicLeapIdentity (54)
[2019.05.09-14.39.05:666][500]LogModuleManager: Shutting down and abandoning module MagicLeapHelperVulkan (52)
[2019.05.09-14.39.05:666][500]LogModuleManager: Shutting down and abandoning module MagicLeapHelperOpenGL (50)
[2019.05.09-14.39.05:666][500]LogModuleManager: Shutting down and abandoning module MagicLeapSecureStorage (48)
[2019.05.09-14.39.05:666][500]LogModuleManager: Shutting down and abandoning module MagicLeapHandTracking (46)
[2019.05.09-14.39.05:666][500]LogModuleManager: Shutting down and abandoning module MagicLeapEyeTracker (44)
[2019.05.09-14.39.05:666][500]LogModuleManager: Shutting down and abandoning module MagicLeapController (42)
[2019.05.09-14.39.05:666][500]LogSlate: Slate User Destroyed.  User Index 0, Is Virtual User: 0
[2019.05.09-14.39.05:666][500]LogModuleManager: Shutting down and abandoning module MagicLeap (40)
[2019.05.09-14.39.05:666][500]LogModuleManager: Shutting down and abandoning module DatasmithContent (38)
[2019.05.09-14.39.05:667][500]LogModuleManager: Shutting down and abandoning module AnimationModifiers (36)
[2019.05.09-14.39.05:667][500]LogModuleManager: Shutting down and abandoning module PropertyEditor (35)
[2019.05.09-14.39.05:667][500]LogModuleManager: Shutting down and abandoning module AudioEditor (32)
[2019.05.09-14.39.05:667][500]LogModuleManager: Shutting down and abandoning module TextureCompressor (30)
[2019.05.09-14.39.05:667][500]LogModuleManager: Shutting down and abandoning module ShaderCore (28)
[2019.05.09-14.39.05:667][500]LogModuleManager: Shutting down and abandoning module Landscape (26)
[2019.05.09-14.39.05:667][500]LogModuleManager: Shutting down and abandoning module SlateRHIRenderer (24)
[2019.05.09-14.39.05:667][500]LogModuleManager: Shutting down and abandoning module OpenGLDrv (22)
[2019.05.09-14.39.05:667][500]LogModuleManager: Shutting down and abandoning module D3D11RHI (20)
[2019.05.09-14.39.05:667][500]LogModuleManager: Shutting down and abandoning module AnimGraphRuntime (18)
[2019.05.09-14.39.05:667][500]LogModuleManager: Shutting down and abandoning module Renderer (16)
[2019.05.09-14.39.05:667][500]LogModuleManager: Shutting down and abandoning module Engine (14)
[2019.05.09-14.39.05:667][500]LogModuleManager: Shutting down and abandoning module CoreUObject (12)
[2019.05.09-14.39.05:667][500]LogModuleManager: Shutting down and abandoning module NetworkFile (10)
[2019.05.09-14.39.05:668][500]LogModuleManager: Shutting down and abandoning module CookedIterativeFile (8)
[2019.05.09-14.39.05:668][500]LogModuleManager: Shutting down and abandoning module StreamingFile (6)
[2019.05.09-14.39.05:668][500]LogModuleManager: Shutting down and abandoning module SandboxFile (4)
[2019.05.09-14.39.05:668][500]LogModuleManager: Shutting down and abandoning module PakFile (2)
[2019.05.09-14.39.05:676][500]LogExit: Exiting.
[2019.05.09-14.39.05:690][500]Log file closed, 05/09/19 07:39:05
